{"/app/src/index.ts": {"path":"/app/src/index.ts","all":false,"statementMap":{"0":{"start":{"line":1,"column":0},"end":{"line":1,"column":82}},"1":{"start":{"line":2,"column":0},"end":{"line":2,"column":60}},"2":{"start":{"line":3,"column":0},"end":{"line":3,"column":63}},"3":{"start":{"line":4,"column":0},"end":{"line":4,"column":71}},"4":{"start":{"line":5,"column":0},"end":{"line":5,"column":67}},"5":{"start":{"line":6,"column":0},"end":{"line":6,"column":55}},"6":{"start":{"line":7,"column":0},"end":{"line":7,"column":60}},"8":{"start":{"line":9,"column":0},"end":{"line":9,"column":26}},"11":{"start":{"line":12,"column":0},"end":{"line":12,"column":66}},"12":{"start":{"line":13,"column":0},"end":{"line":13,"column":33}},"13":{"start":{"line":14,"column":0},"end":{"line":14,"column":24}},"15":{"start":{"line":16,"column":0},"end":{"line":16,"column":38}},"16":{"start":{"line":17,"column":0},"end":{"line":17,"column":42}},"17":{"start":{"line":18,"column":0},"end":{"line":18,"column":25}},"18":{"start":{"line":19,"column":0},"end":{"line":19,"column":54}},"19":{"start":{"line":20,"column":0},"end":{"line":20,"column":23}},"20":{"start":{"line":21,"column":0},"end":{"line":21,"column":5}},"21":{"start":{"line":22,"column":0},"end":{"line":22,"column":3}},"23":{"start":{"line":24,"column":0},"end":{"line":24,"column":7}},"24":{"start":{"line":25,"column":0},"end":{"line":25,"column":67}},"25":{"start":{"line":26,"column":0},"end":{"line":26,"column":48}},"27":{"start":{"line":28,"column":0},"end":{"line":28,"column":10}},"28":{"start":{"line":29,"column":0},"end":{"line":29,"column":38}},"29":{"start":{"line":30,"column":0},"end":{"line":30,"column":42}},"30":{"start":{"line":31,"column":0},"end":{"line":31,"column":40}},"31":{"start":{"line":32,"column":0},"end":{"line":32,"column":35}},"33":{"start":{"line":34,"column":0},"end":{"line":34,"column":23}},"35":{"start":{"line":36,"column":0},"end":{"line":36,"column":65}},"36":{"start":{"line":37,"column":0},"end":{"line":37,"column":63}},"38":{"start":{"line":39,"column":0},"end":{"line":39,"column":12}},"39":{"start":{"line":40,"column":0},"end":{"line":40,"column":20}},"40":{"start":{"line":41,"column":0},"end":{"line":41,"column":36}},"41":{"start":{"line":42,"column":0},"end":{"line":42,"column":18}},"42":{"start":{"line":43,"column":0},"end":{"line":43,"column":30}},"43":{"start":{"line":44,"column":0},"end":{"line":44,"column":36}},"44":{"start":{"line":45,"column":0},"end":{"line":45,"column":43}},"45":{"start":{"line":46,"column":0},"end":{"line":46,"column":8}},"46":{"start":{"line":47,"column":0},"end":{"line":47,"column":14}},"47":{"start":{"line":48,"column":0},"end":{"line":48,"column":60}},"48":{"start":{"line":49,"column":0},"end":{"line":49,"column":62}},"49":{"start":{"line":50,"column":0},"end":{"line":50,"column":61}},"50":{"start":{"line":51,"column":0},"end":{"line":51,"column":7}},"51":{"start":{"line":52,"column":0},"end":{"line":52,"column":6}},"52":{"start":{"line":53,"column":0},"end":{"line":53,"column":13}},"54":{"start":{"line":55,"column":0},"end":{"line":55,"column":32}},"55":{"start":{"line":56,"column":0},"end":{"line":56,"column":48}},"56":{"start":{"line":57,"column":0},"end":{"line":57,"column":5}},"57":{"start":{"line":58,"column":0},"end":{"line":58,"column":3}},"58":{"start":{"line":59,"column":0},"end":{"line":59,"column":1}},"60":{"start":{"line":61,"column":0},"end":{"line":61,"column":32}},"61":{"start":{"line":62,"column":0},"end":{"line":62,"column":44}},"62":{"start":{"line":63,"column":0},"end":{"line":63,"column":44}}},"s":{"0":1,"1":1,"2":1,"3":1,"4":1,"5":1,"6":1,"8":1,"11":1,"12":1,"13":1,"15":1,"16":1,"17":1,"18":0,"19":0,"20":0,"21":1,"23":1,"24":1,"25":1,"27":1,"28":1,"29":1,"30":1,"31":1,"33":1,"35":1,"36":1,"38":1,"39":1,"40":1,"41":1,"42":1,"43":1,"44":1,"45":1,"46":1,"47":1,"48":1,"49":1,"50":1,"51":1,"52":1,"54":1,"55":0,"56":0,"57":1,"58":1,"60":1,"61":1,"62":1},"branchMap":{"0":{"type":"branch","line":12,"loc":{"start":{"line":12,"column":0},"end":{"line":59,"column":1}},"locations":[{"start":{"line":12,"column":0},"end":{"line":59,"column":1}}]},"1":{"type":"branch","line":18,"loc":{"start":{"line":18,"column":24},"end":{"line":21,"column":5}},"locations":[{"start":{"line":18,"column":24},"end":{"line":21,"column":5}}]},"2":{"type":"branch","line":55,"loc":{"start":{"line":55,"column":8},"end":{"line":55,"column":31}},"locations":[{"start":{"line":55,"column":8},"end":{"line":55,"column":31}}]},"3":{"type":"branch","line":55,"loc":{"start":{"line":55,"column":31},"end":{"line":57,"column":5}},"locations":[{"start":{"line":55,"column":31},"end":{"line":57,"column":5}}]}},"b":{"0":[1],"1":[0],"2":[0],"3":[0]},"fnMap":{"0":{"name":"convertExtension","decl":{"start":{"line":12,"column":0},"end":{"line":59,"column":1}},"loc":{"start":{"line":12,"column":0},"end":{"line":59,"column":1}},"line":12}},"f":{"0":1}}
,"/app/src/cli/index.ts": {"path":"/app/src/cli/index.ts","all":true,"statementMap":{"2":{"start":{"line":3,"column":0},"end":{"line":3,"column":26}},"3":{"start":{"line":4,"column":0},"end":{"line":4,"column":40}},"4":{"start":{"line":5,"column":0},"end":{"line":5,"column":24}},"5":{"start":{"line":6,"column":0},"end":{"line":6,"column":36}},"6":{"start":{"line":7,"column":0},"end":{"line":7,"column":26}},"7":{"start":{"line":8,"column":0},"end":{"line":8,"column":26}},"8":{"start":{"line":9,"column":0},"end":{"line":9,"column":47}},"9":{"start":{"line":10,"column":0},"end":{"line":10,"column":65}},"11":{"start":{"line":12,"column":0},"end":{"line":12,"column":43}},"12":{"start":{"line":13,"column":0},"end":{"line":13,"column":30}},"13":{"start":{"line":14,"column":0},"end":{"line":14,"column":34}},"14":{"start":{"line":15,"column":0},"end":{"line":15,"column":11}},"15":{"start":{"line":16,"column":0},"end":{"line":16,"column":23}},"16":{"start":{"line":17,"column":0},"end":{"line":17,"column":43}},"17":{"start":{"line":18,"column":0},"end":{"line":18,"column":16}},"18":{"start":{"line":19,"column":0},"end":{"line":19,"column":18}},"19":{"start":{"line":20,"column":0},"end":{"line":20,"column":31}},"20":{"start":{"line":21,"column":0},"end":{"line":21,"column":62}},"21":{"start":{"line":22,"column":0},"end":{"line":22,"column":25}},"22":{"start":{"line":23,"column":0},"end":{"line":23,"column":29}},"23":{"start":{"line":24,"column":0},"end":{"line":24,"column":10}},"24":{"start":{"line":25,"column":0},"end":{"line":25,"column":57}},"25":{"start":{"line":26,"column":0},"end":{"line":26,"column":118}},"26":{"start":{"line":27,"column":0},"end":{"line":27,"column":62}},"27":{"start":{"line":28,"column":0},"end":{"line":28,"column":64}},"28":{"start":{"line":29,"column":0},"end":{"line":29,"column":74}},"29":{"start":{"line":30,"column":0},"end":{"line":30,"column":6}},"30":{"start":{"line":31,"column":0},"end":{"line":31,"column":21}},"31":{"start":{"line":32,"column":0},"end":{"line":32,"column":41}},"32":{"start":{"line":33,"column":0},"end":{"line":33,"column":38}},"33":{"start":{"line":34,"column":0},"end":{"line":34,"column":60}},"34":{"start":{"line":35,"column":0},"end":{"line":35,"column":99}},"35":{"start":{"line":36,"column":0},"end":{"line":36,"column":79}},"36":{"start":{"line":37,"column":0},"end":{"line":37,"column":63}},"37":{"start":{"line":38,"column":0},"end":{"line":38,"column":7}},"39":{"start":{"line":40,"column":0},"end":{"line":40,"column":11}},"40":{"start":{"line":41,"column":0},"end":{"line":41,"column":32}},"41":{"start":{"line":42,"column":0},"end":{"line":42,"column":41}},"42":{"start":{"line":43,"column":0},"end":{"line":43,"column":81}},"43":{"start":{"line":44,"column":0},"end":{"line":44,"column":30}},"44":{"start":{"line":45,"column":0},"end":{"line":45,"column":30}},"45":{"start":{"line":46,"column":0},"end":{"line":46,"column":34}},"46":{"start":{"line":47,"column":0},"end":{"line":47,"column":28}},"47":{"start":{"line":48,"column":0},"end":{"line":48,"column":11}},"48":{"start":{"line":49,"column":0},"end":{"line":49,"column":68}},"49":{"start":{"line":50,"column":0},"end":{"line":50,"column":23}},"50":{"start":{"line":51,"column":0},"end":{"line":51,"column":90}},"51":{"start":{"line":52,"column":0},"end":{"line":52,"column":24}},"52":{"start":{"line":53,"column":0},"end":{"line":53,"column":17}},"53":{"start":{"line":54,"column":0},"end":{"line":54,"column":78}},"54":{"start":{"line":55,"column":0},"end":{"line":55,"column":7}},"55":{"start":{"line":56,"column":0},"end":{"line":56,"column":5}},"56":{"start":{"line":57,"column":0},"end":{"line":57,"column":3}},"57":{"start":{"line":58,"column":0},"end":{"line":58,"column":11}},"58":{"start":{"line":59,"column":0},"end":{"line":59,"column":24}},"59":{"start":{"line":60,"column":0},"end":{"line":60,"column":36}},"60":{"start":{"line":61,"column":0},"end":{"line":61,"column":82}},"61":{"start":{"line":62,"column":0},"end":{"line":62,"column":21}},"62":{"start":{"line":63,"column":0},"end":{"line":63,"column":43}},"63":{"start":{"line":64,"column":0},"end":{"line":64,"column":89}},"64":{"start":{"line":65,"column":0},"end":{"line":65,"column":64}},"65":{"start":{"line":66,"column":0},"end":{"line":66,"column":48}},"66":{"start":{"line":67,"column":0},"end":{"line":67,"column":55}},"67":{"start":{"line":68,"column":0},"end":{"line":68,"column":5}},"68":{"start":{"line":69,"column":0},"end":{"line":69,"column":3}},"69":{"start":{"line":70,"column":0},"end":{"line":70,"column":11}},"70":{"start":{"line":71,"column":0},"end":{"line":71,"column":27}},"71":{"start":{"line":72,"column":0},"end":{"line":72,"column":46}},"72":{"start":{"line":73,"column":0},"end":{"line":73,"column":86}},"73":{"start":{"line":74,"column":0},"end":{"line":74,"column":21}},"74":{"start":{"line":75,"column":0},"end":{"line":75,"column":63}},"76":{"start":{"line":77,"column":0},"end":{"line":77,"column":51}},"77":{"start":{"line":78,"column":0},"end":{"line":78,"column":39}},"78":{"start":{"line":79,"column":0},"end":{"line":79,"column":49}},"79":{"start":{"line":80,"column":0},"end":{"line":80,"column":48}},"80":{"start":{"line":81,"column":0},"end":{"line":81,"column":40}},"81":{"start":{"line":82,"column":0},"end":{"line":82,"column":5}},"82":{"start":{"line":83,"column":0},"end":{"line":83,"column":3}},"83":{"start":{"line":84,"column":0},"end":{"line":84,"column":37}}},"s":{"2":0,"3":0,"4":0,"5":0,"6":0,"7":0,"8":0,"9":0,"11":0,"12":0,"13":0,"14":0,"15":0,"16":0,"17":0,"18":0,"19":0,"20":0,"21":0,"22":0,"23":0,"24":0,"25":0,"26":0,"27":0,"28":0,"29":0,"30":0,"31":0,"32":0,"33":0,"34":0,"35":0,"36":0,"37":0,"39":0,"40":0,"41":0,"42":0,"43":0,"44":0,"45":0,"46":0,"47":0,"48":0,"49":0,"50":0,"51":0,"52":0,"53":0,"54":0,"55":0,"56":0,"57":0,"58":0,"59":0,"60":0,"61":0,"62":0,"63":0,"64":0,"65":0,"66":0,"67":0,"68":0,"69":0,"70":0,"71":0,"72":0,"73":0,"74":0,"76":0,"77":0,"78":0,"79":0,"80":0,"81":0,"82":0,"83":0},"branchMap":{"0":{"type":"branch","line":1,"loc":{"start":{"line":1,"column":3232},"end":{"line":84,"column":37}},"locations":[{"start":{"line":1,"column":3232},"end":{"line":84,"column":37}}]}},"b":{"0":[1]},"fnMap":{"0":{"name":"(empty-report)","decl":{"start":{"line":1,"column":3232},"end":{"line":84,"column":37}},"loc":{"start":{"line":1,"column":3232},"end":{"line":84,"column":37}},"line":1}},"f":{"0":1}}
,"/app/src/core/ConversionContext.ts": {"path":"/app/src/core/ConversionContext.ts","all":false,"statementMap":{"0":{"start":{"line":1,"column":0},"end":{"line":1,"column":44}},"13":{"start":{"line":14,"column":0},"end":{"line":14,"column":32}},"14":{"start":{"line":15,"column":0},"end":{"line":15,"column":33}},"15":{"start":{"line":16,"column":0},"end":{"line":16,"column":41}},"17":{"start":{"line":18,"column":0},"end":{"line":18,"column":57}},"18":{"start":{"line":19,"column":0},"end":{"line":19,"column":44}},"19":{"start":{"line":20,"column":0},"end":{"line":20,"column":3}},"21":{"start":{"line":22,"column":0},"end":{"line":22,"column":39}},"22":{"start":{"line":23,"column":0},"end":{"line":23,"column":28}},"23":{"start":{"line":24,"column":0},"end":{"line":24,"column":3}},"25":{"start":{"line":26,"column":0},"end":{"line":26,"column":26}},"26":{"start":{"line":27,"column":0},"end":{"line":27,"column":31}},"27":{"start":{"line":28,"column":0},"end":{"line":28,"column":76}},"28":{"start":{"line":29,"column":0},"end":{"line":29,"column":5}},"29":{"start":{"line":30,"column":0},"end":{"line":30,"column":27}},"30":{"start":{"line":31,"column":0},"end":{"line":31,"column":3}},"31":{"start":{"line":32,"column":0},"end":{"line":32,"column":1}}},"s":{"0":1,"13":1,"14":4,"15":4,"17":4,"18":4,"19":4,"21":4,"22":12,"23":12,"25":4,"26":12,"27":0,"28":0,"29":12,"30":12,"31":4},"branchMap":{"0":{"type":"branch","line":14,"loc":{"start":{"line":14,"column":31},"end":{"line":32,"column":1}},"locations":[{"start":{"line":14,"column":31},"end":{"line":32,"column":1}}]},"1":{"type":"branch","line":18,"loc":{"start":{"line":18,"column":2},"end":{"line":20,"column":3}},"locations":[{"start":{"line":18,"column":2},"end":{"line":20,"column":3}}]},"2":{"type":"branch","line":22,"loc":{"start":{"line":22,"column":2},"end":{"line":24,"column":3}},"locations":[{"start":{"line":22,"column":2},"end":{"line":24,"column":3}}]},"3":{"type":"branch","line":26,"loc":{"start":{"line":26,"column":2},"end":{"line":31,"column":3}},"locations":[{"start":{"line":26,"column":2},"end":{"line":31,"column":3}}]},"4":{"type":"branch","line":27,"loc":{"start":{"line":27,"column":30},"end":{"line":29,"column":5}},"locations":[{"start":{"line":27,"column":30},"end":{"line":29,"column":5}}]}},"b":{"0":[4],"1":[4],"2":[12],"3":[12],"4":[0]},"fnMap":{"0":{"name":"<instance_members_initializer>","decl":{"start":{"line":14,"column":31},"end":{"line":32,"column":1}},"loc":{"start":{"line":14,"column":31},"end":{"line":32,"column":1}},"line":14},"1":{"name":"ConversionContext","decl":{"start":{"line":18,"column":2},"end":{"line":20,"column":3}},"loc":{"start":{"line":18,"column":2},"end":{"line":20,"column":3}},"line":18},"2":{"name":"set","decl":{"start":{"line":22,"column":2},"end":{"line":24,"column":3}},"loc":{"start":{"line":22,"column":2},"end":{"line":24,"column":3}},"line":22},"3":{"name":"get","decl":{"start":{"line":26,"column":2},"end":{"line":31,"column":3}},"loc":{"start":{"line":26,"column":2},"end":{"line":31,"column":3}},"line":26}},"f":{"0":4,"1":4,"2":12,"3":12}}
,"/app/src/core/MigrationEngine.ts": {"path":"/app/src/core/MigrationEngine.ts","all":false,"statementMap":{"3":{"start":{"line":4,"column":0},"end":{"line":4,"column":30}},"4":{"start":{"line":5,"column":0},"end":{"line":5,"column":29}},"6":{"start":{"line":7,"column":0},"end":{"line":7,"column":52}},"8":{"start":{"line":9,"column":0},"end":{"line":9,"column":29}},"9":{"start":{"line":10,"column":0},"end":{"line":10,"column":26}},"10":{"start":{"line":11,"column":0},"end":{"line":11,"column":16}},"11":{"start":{"line":12,"column":0},"end":{"line":12,"column":3}},"13":{"start":{"line":14,"column":0},"end":{"line":14,"column":30}},"14":{"start":{"line":15,"column":0},"end":{"line":15,"column":62}},"15":{"start":{"line":16,"column":0},"end":{"line":16,"column":36}},"16":{"start":{"line":17,"column":0},"end":{"line":17,"column":39}},"17":{"start":{"line":18,"column":0},"end":{"line":18,"column":5}},"18":{"start":{"line":19,"column":0},"end":{"line":19,"column":80}},"19":{"start":{"line":20,"column":0},"end":{"line":20,"column":3}},"20":{"start":{"line":21,"column":0},"end":{"line":21,"column":1}}},"s":{"3":1,"4":1,"6":1,"8":1,"9":1,"10":1,"11":1,"13":1,"14":1,"15":1,"16":1,"17":1,"18":1,"19":1,"20":1},"branchMap":{"0":{"type":"branch","line":4,"loc":{"start":{"line":4,"column":29},"end":{"line":21,"column":1}},"locations":[{"start":{"line":4,"column":29},"end":{"line":21,"column":1}}]},"1":{"type":"branch","line":7,"loc":{"start":{"line":7,"column":2},"end":{"line":7,"column":52}},"locations":[{"start":{"line":7,"column":2},"end":{"line":7,"column":52}}]},"2":{"type":"branch","line":9,"loc":{"start":{"line":9,"column":2},"end":{"line":12,"column":3}},"locations":[{"start":{"line":9,"column":2},"end":{"line":12,"column":3}}]},"3":{"type":"branch","line":14,"loc":{"start":{"line":14,"column":2},"end":{"line":20,"column":3}},"locations":[{"start":{"line":14,"column":2},"end":{"line":20,"column":3}}]}},"b":{"0":[1],"1":[1],"2":[1],"3":[1]},"fnMap":{"0":{"name":"<instance_members_initializer>","decl":{"start":{"line":4,"column":29},"end":{"line":21,"column":1}},"loc":{"start":{"line":4,"column":29},"end":{"line":21,"column":1}},"line":4},"1":{"name":"MigrationEngine","decl":{"start":{"line":7,"column":2},"end":{"line":7,"column":52}},"loc":{"start":{"line":7,"column":2},"end":{"line":7,"column":52}},"line":7},"2":{"name":"addStep","decl":{"start":{"line":9,"column":2},"end":{"line":12,"column":3}},"loc":{"start":{"line":9,"column":2},"end":{"line":12,"column":3}},"line":9},"3":{"name":"run","decl":{"start":{"line":14,"column":2},"end":{"line":20,"column":3}},"loc":{"start":{"line":14,"column":2},"end":{"line":20,"column":3}},"line":14}},"f":{"0":1,"1":1,"2":1,"3":1}}
,"/app/src/core/Step.ts": {"path":"/app/src/core/Step.ts","all":false,"statementMap":{"2":{"start":{"line":3,"column":0},"end":{"line":3,"column":28}},"6":{"start":{"line":7,"column":0},"end":{"line":7,"column":67}},"7":{"start":{"line":8,"column":0},"end":{"line":8,"column":57}},"8":{"start":{"line":9,"column":0},"end":{"line":9,"column":9}},"9":{"start":{"line":10,"column":0},"end":{"line":10,"column":30}},"10":{"start":{"line":11,"column":0},"end":{"line":11,"column":65}},"11":{"start":{"line":12,"column":0},"end":{"line":12,"column":21}},"12":{"start":{"line":13,"column":0},"end":{"line":13,"column":63}},"13":{"start":{"line":14,"column":0},"end":{"line":14,"column":18}},"14":{"start":{"line":15,"column":0},"end":{"line":15,"column":5}},"15":{"start":{"line":16,"column":0},"end":{"line":16,"column":3}},"16":{"start":{"line":17,"column":0},"end":{"line":17,"column":1}}},"s":{"2":1,"6":1,"7":5,"8":5,"9":5,"10":5,"11":5,"12":0,"13":0,"14":0,"15":5,"16":1},"branchMap":{"0":{"type":"branch","line":7,"loc":{"start":{"line":7,"column":2},"end":{"line":16,"column":3}},"locations":[{"start":{"line":7,"column":2},"end":{"line":16,"column":3}}]},"1":{"type":"branch","line":12,"loc":{"start":{"line":12,"column":4},"end":{"line":15,"column":5}},"locations":[{"start":{"line":12,"column":4},"end":{"line":15,"column":5}}]}},"b":{"0":[5],"1":[0]},"fnMap":{"0":{"name":"execute","decl":{"start":{"line":7,"column":2},"end":{"line":16,"column":3}},"loc":{"start":{"line":7,"column":2},"end":{"line":16,"column":3}},"line":7}},"f":{"0":5}}
,"/app/src/core/types.ts": {"path":"/app/src/core/types.ts","all":false,"statementMap":{},"s":{},"branchMap":{},"b":{},"fnMap":{},"f":{}}
,"/app/src/schemas/ManifestSchema.ts": {"path":"/app/src/schemas/ManifestSchema.ts","all":false,"statementMap":{"0":{"start":{"line":1,"column":0},"end":{"line":1,"column":24}},"2":{"start":{"line":3,"column":0},"end":{"line":3,"column":45}},"3":{"start":{"line":4,"column":0},"end":{"line":4,"column":42}},"4":{"start":{"line":5,"column":0},"end":{"line":5,"column":37}},"5":{"start":{"line":6,"column":0},"end":{"line":6,"column":38}},"6":{"start":{"line":7,"column":0},"end":{"line":7,"column":132}},"7":{"start":{"line":8,"column":0},"end":{"line":8,"column":37}},"8":{"start":{"line":9,"column":0},"end":{"line":9,"column":3}},"10":{"start":{"line":11,"column":0},"end":{"line":11,"column":42}},"11":{"start":{"line":12,"column":0},"end":{"line":12,"column":33}},"12":{"start":{"line":13,"column":0},"end":{"line":13,"column":19}},"13":{"start":{"line":14,"column":0},"end":{"line":14,"column":22}},"14":{"start":{"line":15,"column":0},"end":{"line":15,"column":37}},"15":{"start":{"line":16,"column":0},"end":{"line":16,"column":40}},"16":{"start":{"line":17,"column":0},"end":{"line":17,"column":41}},"17":{"start":{"line":18,"column":0},"end":{"line":18,"column":46}},"18":{"start":{"line":19,"column":0},"end":{"line":19,"column":55}},"19":{"start":{"line":20,"column":0},"end":{"line":20,"column":59}},"20":{"start":{"line":21,"column":0},"end":{"line":21,"column":24}},"21":{"start":{"line":22,"column":0},"end":{"line":22,"column":44}},"22":{"start":{"line":23,"column":0},"end":{"line":23,"column":39}},"23":{"start":{"line":24,"column":0},"end":{"line":24,"column":16}},"24":{"start":{"line":25,"column":0},"end":{"line":25,"column":28}},"25":{"start":{"line":26,"column":0},"end":{"line":26,"column":41}},"26":{"start":{"line":27,"column":0},"end":{"line":27,"column":73}},"27":{"start":{"line":28,"column":0},"end":{"line":28,"column":16}},"28":{"start":{"line":29,"column":0},"end":{"line":29,"column":25}},"29":{"start":{"line":30,"column":0},"end":{"line":30,"column":41}},"30":{"start":{"line":31,"column":0},"end":{"line":31,"column":16}},"31":{"start":{"line":32,"column":0},"end":{"line":32,"column":24}},"32":{"start":{"line":33,"column":0},"end":{"line":33,"column":32}},"33":{"start":{"line":34,"column":0},"end":{"line":34,"column":40}},"34":{"start":{"line":35,"column":0},"end":{"line":35,"column":16}},"35":{"start":{"line":36,"column":0},"end":{"line":36,"column":38}},"36":{"start":{"line":37,"column":0},"end":{"line":37,"column":59}},"37":{"start":{"line":38,"column":0},"end":{"line":38,"column":3}},"39":{"start":{"line":40,"column":0},"end":{"line":40,"column":42}},"40":{"start":{"line":41,"column":0},"end":{"line":41,"column":33}},"41":{"start":{"line":42,"column":0},"end":{"line":42,"column":19}},"42":{"start":{"line":43,"column":0},"end":{"line":43,"column":22}},"43":{"start":{"line":44,"column":0},"end":{"line":44,"column":37}},"44":{"start":{"line":45,"column":0},"end":{"line":45,"column":40}},"45":{"start":{"line":46,"column":0},"end":{"line":46,"column":41}},"46":{"start":{"line":47,"column":0},"end":{"line":47,"column":46}},"47":{"start":{"line":48,"column":0},"end":{"line":48,"column":55}},"48":{"start":{"line":49,"column":0},"end":{"line":49,"column":51}},"49":{"start":{"line":50,"column":0},"end":{"line":50,"column":59}},"50":{"start":{"line":51,"column":0},"end":{"line":51,"column":24}},"51":{"start":{"line":52,"column":0},"end":{"line":52,"column":42}},"52":{"start":{"line":53,"column":0},"end":{"line":53,"column":40}},"53":{"start":{"line":54,"column":0},"end":{"line":54,"column":16}},"54":{"start":{"line":55,"column":0},"end":{"line":55,"column":20}},"55":{"start":{"line":56,"column":0},"end":{"line":56,"column":41}},"56":{"start":{"line":57,"column":0},"end":{"line":57,"column":73}},"57":{"start":{"line":58,"column":0},"end":{"line":58,"column":16}},"58":{"start":{"line":59,"column":0},"end":{"line":59,"column":24}},"59":{"start":{"line":60,"column":0},"end":{"line":60,"column":32}},"60":{"start":{"line":61,"column":0},"end":{"line":61,"column":40}},"61":{"start":{"line":62,"column":0},"end":{"line":62,"column":16}},"62":{"start":{"line":63,"column":0},"end":{"line":63,"column":46}},"63":{"start":{"line":64,"column":0},"end":{"line":64,"column":35}},"64":{"start":{"line":65,"column":0},"end":{"line":65,"column":44}},"65":{"start":{"line":66,"column":0},"end":{"line":66,"column":17}},"66":{"start":{"line":67,"column":0},"end":{"line":67,"column":3}},"68":{"start":{"line":69,"column":0},"end":{"line":69,"column":76}}},"s":{"0":1,"2":1,"3":1,"4":1,"5":1,"6":1,"7":1,"8":1,"10":1,"11":1,"12":1,"13":1,"14":1,"15":1,"16":1,"17":1,"18":1,"19":1,"20":1,"21":1,"22":1,"23":1,"24":1,"25":1,"26":1,"27":1,"28":1,"29":1,"30":1,"31":1,"32":1,"33":1,"34":1,"35":1,"36":1,"37":1,"39":1,"40":1,"41":1,"42":1,"43":1,"44":1,"45":1,"46":1,"47":1,"48":1,"49":1,"50":1,"51":1,"52":1,"53":1,"54":1,"55":1,"56":1,"57":1,"58":1,"59":1,"60":1,"61":1,"62":1,"63":1,"64":1,"65":1,"66":1,"68":1},"branchMap":{},"b":{},"fnMap":{},"f":{}}
,"/app/src/services/AssetService.ts": {"path":"/app/src/services/AssetService.ts","all":false,"statementMap":{"0":{"start":{"line":1,"column":0},"end":{"line":1,"column":26}},"1":{"start":{"line":2,"column":0},"end":{"line":2,"column":24}},"4":{"start":{"line":5,"column":0},"end":{"line":5,"column":54}},"6":{"start":{"line":7,"column":0},"end":{"line":7,"column":27}},"7":{"start":{"line":8,"column":0},"end":{"line":8,"column":53}},"8":{"start":{"line":9,"column":0},"end":{"line":9,"column":72}},"9":{"start":{"line":10,"column":0},"end":{"line":10,"column":73}},"10":{"start":{"line":11,"column":0},"end":{"line":11,"column":69}},"11":{"start":{"line":12,"column":0},"end":{"line":12,"column":75}},"12":{"start":{"line":13,"column":0},"end":{"line":13,"column":69}},"13":{"start":{"line":14,"column":0},"end":{"line":14,"column":4}},"15":{"start":{"line":16,"column":0},"end":{"line":16,"column":35}},"16":{"start":{"line":17,"column":0},"end":{"line":17,"column":69}},"17":{"start":{"line":18,"column":0},"end":{"line":18,"column":56}},"18":{"start":{"line":19,"column":0},"end":{"line":19,"column":69}},"19":{"start":{"line":20,"column":0},"end":{"line":20,"column":4}},"21":{"start":{"line":22,"column":0},"end":{"line":22,"column":32}},"22":{"start":{"line":23,"column":0},"end":{"line":23,"column":26}},"23":{"start":{"line":24,"column":0},"end":{"line":24,"column":22}},"24":{"start":{"line":25,"column":0},"end":{"line":25,"column":24}},"25":{"start":{"line":26,"column":0},"end":{"line":26,"column":34}},"26":{"start":{"line":27,"column":0},"end":{"line":27,"column":45}},"28":{"start":{"line":29,"column":0},"end":{"line":29,"column":52}},"30":{"start":{"line":31,"column":0},"end":{"line":31,"column":52}},"31":{"start":{"line":32,"column":0},"end":{"line":32,"column":75}},"33":{"start":{"line":34,"column":0},"end":{"line":34,"column":53}},"34":{"start":{"line":35,"column":0},"end":{"line":35,"column":49}},"36":{"start":{"line":37,"column":0},"end":{"line":37,"column":60}},"37":{"start":{"line":38,"column":0},"end":{"line":38,"column":51}},"39":{"start":{"line":40,"column":0},"end":{"line":40,"column":37}},"41":{"start":{"line":42,"column":0},"end":{"line":42,"column":57}},"42":{"start":{"line":43,"column":0},"end":{"line":43,"column":85}},"44":{"start":{"line":45,"column":0},"end":{"line":45,"column":19}},"45":{"start":{"line":46,"column":0},"end":{"line":46,"column":63}},"46":{"start":{"line":47,"column":0},"end":{"line":47,"column":54}},"47":{"start":{"line":48,"column":0},"end":{"line":48,"column":55}},"48":{"start":{"line":49,"column":0},"end":{"line":49,"column":108}},"49":{"start":{"line":50,"column":0},"end":{"line":50,"column":32}},"51":{"start":{"line":52,"column":0},"end":{"line":52,"column":20}},"52":{"start":{"line":53,"column":0},"end":{"line":53,"column":43}},"53":{"start":{"line":54,"column":0},"end":{"line":54,"column":64}},"54":{"start":{"line":55,"column":0},"end":{"line":55,"column":76}},"55":{"start":{"line":56,"column":0},"end":{"line":56,"column":70}},"56":{"start":{"line":57,"column":0},"end":{"line":57,"column":36}},"57":{"start":{"line":58,"column":0},"end":{"line":58,"column":13}},"58":{"start":{"line":59,"column":0},"end":{"line":59,"column":11}},"60":{"start":{"line":61,"column":0},"end":{"line":61,"column":44}},"61":{"start":{"line":62,"column":0},"end":{"line":62,"column":76}},"62":{"start":{"line":63,"column":0},"end":{"line":63,"column":44}},"63":{"start":{"line":64,"column":0},"end":{"line":64,"column":11}},"64":{"start":{"line":65,"column":0},"end":{"line":65,"column":9}},"65":{"start":{"line":66,"column":0},"end":{"line":66,"column":43}},"66":{"start":{"line":67,"column":0},"end":{"line":67,"column":14}},"67":{"start":{"line":68,"column":0},"end":{"line":68,"column":51}},"68":{"start":{"line":69,"column":0},"end":{"line":69,"column":57}},"69":{"start":{"line":70,"column":0},"end":{"line":70,"column":7}},"70":{"start":{"line":71,"column":0},"end":{"line":71,"column":6}},"72":{"start":{"line":73,"column":0},"end":{"line":73,"column":43}},"74":{"start":{"line":75,"column":0},"end":{"line":75,"column":42}},"75":{"start":{"line":76,"column":0},"end":{"line":76,"column":80}},"76":{"start":{"line":77,"column":0},"end":{"line":77,"column":73}},"77":{"start":{"line":78,"column":0},"end":{"line":78,"column":106}},"78":{"start":{"line":79,"column":0},"end":{"line":79,"column":100}},"79":{"start":{"line":80,"column":0},"end":{"line":80,"column":12}},"80":{"start":{"line":81,"column":0},"end":{"line":81,"column":80}},"81":{"start":{"line":82,"column":0},"end":{"line":82,"column":90}},"82":{"start":{"line":83,"column":0},"end":{"line":83,"column":5}},"84":{"start":{"line":85,"column":0},"end":{"line":85,"column":55}},"85":{"start":{"line":86,"column":0},"end":{"line":86,"column":44}},"86":{"start":{"line":87,"column":0},"end":{"line":87,"column":60}},"87":{"start":{"line":88,"column":0},"end":{"line":88,"column":60}},"88":{"start":{"line":89,"column":0},"end":{"line":89,"column":67}},"89":{"start":{"line":90,"column":0},"end":{"line":90,"column":7}},"90":{"start":{"line":91,"column":0},"end":{"line":91,"column":5}},"92":{"start":{"line":93,"column":0},"end":{"line":93,"column":20}},"93":{"start":{"line":94,"column":0},"end":{"line":94,"column":3}},"95":{"start":{"line":96,"column":0},"end":{"line":96,"column":48}},"96":{"start":{"line":97,"column":0},"end":{"line":97,"column":53}},"97":{"start":{"line":98,"column":0},"end":{"line":98,"column":60}},"98":{"start":{"line":99,"column":0},"end":{"line":99,"column":3}},"99":{"start":{"line":100,"column":0},"end":{"line":100,"column":1}}},"s":{"0":1,"1":1,"4":1,"6":1,"7":3,"8":3,"9":3,"10":3,"11":3,"12":3,"13":3,"15":3,"16":3,"17":3,"18":3,"19":3,"21":3,"22":1,"23":1,"24":1,"25":1,"26":1,"28":1,"30":2,"31":2,"33":2,"34":2,"36":2,"37":2,"39":2,"41":2,"42":2,"44":2,"45":1,"46":1,"47":1,"48":1,"49":1,"51":1,"52":1,"53":1,"54":0,"55":0,"56":0,"57":0,"58":0,"60":1,"61":0,"62":0,"63":0,"64":1,"65":1,"66":1,"67":1,"68":1,"69":1,"70":2,"72":1,"74":1,"75":0,"76":0,"77":0,"78":0,"79":1,"80":1,"81":1,"82":1,"84":1,"85":1,"86":1,"87":1,"88":1,"89":1,"90":1,"92":1,"93":1,"95":3,"96":3,"97":3,"98":3,"99":3},"branchMap":{"0":{"type":"branch","line":7,"loc":{"start":{"line":7,"column":26},"end":{"line":100,"column":1}},"locations":[{"start":{"line":7,"column":26},"end":{"line":100,"column":1}}]},"1":{"type":"branch","line":22,"loc":{"start":{"line":22,"column":2},"end":{"line":94,"column":3}},"locations":[{"start":{"line":22,"column":2},"end":{"line":94,"column":3}}]},"2":{"type":"branch","line":75,"loc":{"start":{"line":75,"column":41},"end":{"line":80,"column":11}},"locations":[{"start":{"line":75,"column":41},"end":{"line":80,"column":11}}]},"3":{"type":"branch","line":81,"loc":{"start":{"line":81,"column":19},"end":{"line":81,"column":37}},"locations":[{"start":{"line":81,"column":19},"end":{"line":81,"column":37}}]},"4":{"type":"branch","line":81,"loc":{"start":{"line":81,"column":37},"end":{"line":81,"column":80}},"locations":[{"start":{"line":81,"column":37},"end":{"line":81,"column":80}}]},"5":{"type":"branch","line":88,"loc":{"start":{"line":88,"column":37},"end":{"line":88,"column":60}},"locations":[{"start":{"line":88,"column":37},"end":{"line":88,"column":60}}]},"6":{"type":"branch","line":29,"loc":{"start":{"line":29,"column":24},"end":{"line":71,"column":6}},"locations":[{"start":{"line":29,"column":24},"end":{"line":71,"column":6}}]},"7":{"type":"branch","line":32,"loc":{"start":{"line":32,"column":25},"end":{"line":32,"column":75}},"locations":[{"start":{"line":32,"column":25},"end":{"line":32,"column":75}}]},"8":{"type":"branch","line":35,"loc":{"start":{"line":35,"column":42},"end":{"line":35,"column":49}},"locations":[{"start":{"line":35,"column":42},"end":{"line":35,"column":49}}]},"9":{"type":"branch","line":38,"loc":{"start":{"line":38,"column":44},"end":{"line":38,"column":51}},"locations":[{"start":{"line":38,"column":44},"end":{"line":38,"column":51}}]},"10":{"type":"branch","line":45,"loc":{"start":{"line":45,"column":18},"end":{"line":70,"column":7}},"locations":[{"start":{"line":45,"column":18},"end":{"line":70,"column":7}}]},"11":{"type":"branch","line":48,"loc":{"start":{"line":48,"column":31},"end":{"line":48,"column":48}},"locations":[{"start":{"line":48,"column":31},"end":{"line":48,"column":48}}]},"12":{"type":"branch","line":49,"loc":{"start":{"line":49,"column":35},"end":{"line":49,"column":76}},"locations":[{"start":{"line":49,"column":35},"end":{"line":49,"column":76}}]},"13":{"type":"branch","line":54,"loc":{"start":{"line":54,"column":63},"end":{"line":59,"column":11}},"locations":[{"start":{"line":54,"column":63},"end":{"line":59,"column":11}}]},"14":{"type":"branch","line":61,"loc":{"start":{"line":61,"column":43},"end":{"line":64,"column":11}},"locations":[{"start":{"line":61,"column":43},"end":{"line":64,"column":11}}]},"15":{"type":"branch","line":96,"loc":{"start":{"line":96,"column":9},"end":{"line":99,"column":3}},"locations":[{"start":{"line":96,"column":9},"end":{"line":99,"column":3}}]},"16":{"type":"branch","line":98,"loc":{"start":{"line":98,"column":28},"end":{"line":98,"column":60}},"locations":[{"start":{"line":98,"column":28},"end":{"line":98,"column":60}}]}},"b":{"0":[3],"1":[1],"2":[0],"3":[0],"4":[0],"5":[0],"6":[2],"7":[0],"8":[0],"9":[0],"10":[1],"11":[0],"12":[0],"13":[0],"14":[0],"15":[3],"16":[1]},"fnMap":{"0":{"name":"<static_initializer>","decl":{"start":{"line":7,"column":26},"end":{"line":100,"column":1}},"loc":{"start":{"line":7,"column":26},"end":{"line":100,"column":1}},"line":7},"1":{"name":"generateAssetMap","decl":{"start":{"line":22,"column":2},"end":{"line":94,"column":3}},"loc":{"start":{"line":22,"column":2},"end":{"line":94,"column":3}},"line":22},"2":{"name":"processFile","decl":{"start":{"line":29,"column":24},"end":{"line":71,"column":6}},"loc":{"start":{"line":29,"column":24},"end":{"line":71,"column":6}},"line":29},"3":{"name":"getMimeType","decl":{"start":{"line":96,"column":9},"end":{"line":99,"column":3}},"loc":{"start":{"line":96,"column":9},"end":{"line":99,"column":3}},"line":96}},"f":{"0":3,"1":1,"2":2,"3":3}}
,"/app/src/services/DownloadService.ts": {"path":"/app/src/services/DownloadService.ts","all":false,"statementMap":{"0":{"start":{"line":1,"column":0},"end":{"line":1,"column":31}},"1":{"start":{"line":2,"column":0},"end":{"line":2,"column":26}},"2":{"start":{"line":3,"column":0},"end":{"line":3,"column":31}},"4":{"start":{"line":5,"column":0},"end":{"line":5,"column":30}},"5":{"start":{"line":6,"column":0},"end":{"line":6,"column":69}},"6":{"start":{"line":7,"column":0},"end":{"line":7,"column":38}},"7":{"start":{"line":8,"column":0},"end":{"line":8,"column":84}},"8":{"start":{"line":9,"column":0},"end":{"line":9,"column":48}},"9":{"start":{"line":10,"column":0},"end":{"line":10,"column":60}},"10":{"start":{"line":11,"column":0},"end":{"line":11,"column":16}},"11":{"start":{"line":12,"column":0},"end":{"line":12,"column":3}},"13":{"start":{"line":14,"column":0},"end":{"line":14,"column":45}},"14":{"start":{"line":15,"column":0},"end":{"line":15,"column":53}},"15":{"start":{"line":16,"column":0},"end":{"line":16,"column":77}},"16":{"start":{"line":17,"column":0},"end":{"line":17,"column":46}},"17":{"start":{"line":18,"column":0},"end":{"line":18,"column":146}},"18":{"start":{"line":19,"column":0},"end":{"line":19,"column":3}},"19":{"start":{"line":20,"column":0},"end":{"line":20,"column":1}}},"s":{"0":1,"1":1,"2":1,"4":1,"5":1,"6":1,"7":1,"8":1,"9":1,"10":1,"11":1,"13":1,"14":2,"15":2,"16":1,"17":1,"18":2,"19":1},"branchMap":{"0":{"type":"branch","line":6,"loc":{"start":{"line":6,"column":2},"end":{"line":12,"column":3}},"locations":[{"start":{"line":6,"column":2},"end":{"line":12,"column":3}}]},"1":{"type":"branch","line":8,"loc":{"start":{"line":8,"column":22},"end":{"line":8,"column":84}},"locations":[{"start":{"line":8,"column":22},"end":{"line":8,"column":84}}]},"2":{"type":"branch","line":14,"loc":{"start":{"line":14,"column":9},"end":{"line":19,"column":3}},"locations":[{"start":{"line":14,"column":9},"end":{"line":19,"column":3}}]},"3":{"type":"branch","line":16,"loc":{"start":{"line":16,"column":18},"end":{"line":18,"column":146}},"locations":[{"start":{"line":16,"column":18},"end":{"line":18,"column":146}}]}},"b":{"0":[1],"1":[0],"2":[2],"3":[1]},"fnMap":{"0":{"name":"download","decl":{"start":{"line":6,"column":2},"end":{"line":12,"column":3}},"loc":{"start":{"line":6,"column":2},"end":{"line":12,"column":3}},"line":6},"1":{"name":"getCrxUrl","decl":{"start":{"line":14,"column":9},"end":{"line":19,"column":3}},"loc":{"start":{"line":14,"column":9},"end":{"line":19,"column":3}},"line":14}},"f":{"0":1,"1":2}}
,"/app/src/services/ManifestService.ts": {"path":"/app/src/services/ManifestService.ts","all":false,"statementMap":{"0":{"start":{"line":1,"column":0},"end":{"line":1,"column":26}},"1":{"start":{"line":2,"column":0},"end":{"line":2,"column":92}},"2":{"start":{"line":3,"column":0},"end":{"line":3,"column":54}},"4":{"start":{"line":5,"column":0},"end":{"line":5,"column":30}},"5":{"start":{"line":6,"column":0},"end":{"line":6,"column":72}},"6":{"start":{"line":7,"column":0},"end":{"line":7,"column":61}},"7":{"start":{"line":8,"column":0},"end":{"line":8,"column":36}},"8":{"start":{"line":9,"column":0},"end":{"line":9,"column":45}},"10":{"start":{"line":11,"column":0},"end":{"line":11,"column":44}},"11":{"start":{"line":12,"column":0},"end":{"line":12,"column":48}},"12":{"start":{"line":13,"column":0},"end":{"line":13,"column":24}},"13":{"start":{"line":14,"column":0},"end":{"line":14,"column":30}},"14":{"start":{"line":15,"column":0},"end":{"line":15,"column":44}},"15":{"start":{"line":16,"column":0},"end":{"line":16,"column":32}},"16":{"start":{"line":17,"column":0},"end":{"line":17,"column":53}},"17":{"start":{"line":18,"column":0},"end":{"line":18,"column":95}},"18":{"start":{"line":19,"column":0},"end":{"line":19,"column":21}},"19":{"start":{"line":20,"column":0},"end":{"line":20,"column":16}},"20":{"start":{"line":21,"column":0},"end":{"line":21,"column":40}},"21":{"start":{"line":22,"column":0},"end":{"line":22,"column":42}},"22":{"start":{"line":23,"column":0},"end":{"line":23,"column":12}},"23":{"start":{"line":24,"column":0},"end":{"line":24,"column":17}},"24":{"start":{"line":25,"column":0},"end":{"line":25,"column":29}},"25":{"start":{"line":26,"column":0},"end":{"line":26,"column":35}},"26":{"start":{"line":27,"column":0},"end":{"line":27,"column":18}},"27":{"start":{"line":28,"column":0},"end":{"line":28,"column":6}},"29":{"start":{"line":30,"column":0},"end":{"line":30,"column":40}},"30":{"start":{"line":31,"column":0},"end":{"line":31,"column":27}},"31":{"start":{"line":32,"column":0},"end":{"line":32,"column":97}},"32":{"start":{"line":33,"column":0},"end":{"line":33,"column":58}},"33":{"start":{"line":34,"column":0},"end":{"line":34,"column":8}},"34":{"start":{"line":35,"column":0},"end":{"line":35,"column":71}},"35":{"start":{"line":36,"column":0},"end":{"line":36,"column":79}},"36":{"start":{"line":37,"column":0},"end":{"line":37,"column":82}},"37":{"start":{"line":38,"column":0},"end":{"line":38,"column":12}},"38":{"start":{"line":39,"column":0},"end":{"line":39,"column":27}},"39":{"start":{"line":40,"column":0},"end":{"line":40,"column":52}},"40":{"start":{"line":41,"column":0},"end":{"line":41,"column":50}},"41":{"start":{"line":42,"column":0},"end":{"line":42,"column":8}},"42":{"start":{"line":43,"column":0},"end":{"line":43,"column":114}},"43":{"start":{"line":44,"column":0},"end":{"line":44,"column":56}},"44":{"start":{"line":45,"column":0},"end":{"line":45,"column":83}},"45":{"start":{"line":46,"column":0},"end":{"line":46,"column":35}},"46":{"start":{"line":47,"column":0},"end":{"line":47,"column":5}},"48":{"start":{"line":49,"column":0},"end":{"line":49,"column":22}},"49":{"start":{"line":50,"column":0},"end":{"line":50,"column":3}},"51":{"start":{"line":52,"column":0},"end":{"line":52,"column":60}},"52":{"start":{"line":53,"column":0},"end":{"line":53,"column":24}},"53":{"start":{"line":54,"column":0},"end":{"line":54,"column":35}},"54":{"start":{"line":55,"column":0},"end":{"line":55,"column":25}},"55":{"start":{"line":56,"column":0},"end":{"line":56,"column":25}},"56":{"start":{"line":57,"column":0},"end":{"line":57,"column":21}},"57":{"start":{"line":58,"column":0},"end":{"line":58,"column":3}},"58":{"start":{"line":59,"column":0},"end":{"line":59,"column":1}}},"s":{"0":1,"1":1,"2":1,"4":1,"5":1,"6":2,"7":2,"8":2,"10":2,"11":2,"12":2,"13":2,"14":2,"15":2,"16":2,"17":2,"18":2,"19":2,"20":2,"21":2,"22":2,"23":2,"24":2,"25":2,"26":2,"27":2,"29":2,"30":1,"31":1,"32":1,"33":1,"34":1,"35":1,"36":1,"37":1,"38":1,"39":1,"40":1,"41":1,"42":1,"43":1,"44":1,"45":1,"46":1,"48":2,"49":2,"51":1,"52":1,"53":1,"54":1,"55":1,"56":1,"57":1,"58":1},"branchMap":{"0":{"type":"branch","line":6,"loc":{"start":{"line":6,"column":2},"end":{"line":50,"column":3}},"locations":[{"start":{"line":6,"column":2},"end":{"line":50,"column":3}}]},"1":{"type":"branch","line":17,"loc":{"start":{"line":17,"column":31},"end":{"line":17,"column":53}},"locations":[{"start":{"line":17,"column":31},"end":{"line":17,"column":53}}]},"2":{"type":"branch","line":30,"loc":{"start":{"line":30,"column":39},"end":{"line":47,"column":5}},"locations":[{"start":{"line":30,"column":39},"end":{"line":47,"column":5}}]},"3":{"type":"branch","line":32,"loc":{"start":{"line":32,"column":30},"end":{"line":32,"column":63}},"locations":[{"start":{"line":32,"column":30},"end":{"line":32,"column":63}}]},"4":{"type":"branch","line":32,"loc":{"start":{"line":32,"column":70},"end":{"line":32,"column":97}},"locations":[{"start":{"line":32,"column":70},"end":{"line":32,"column":97}}]},"5":{"type":"branch","line":33,"loc":{"start":{"line":33,"column":29},"end":{"line":33,"column":58}},"locations":[{"start":{"line":33,"column":29},"end":{"line":33,"column":58}}]},"6":{"type":"branch","line":35,"loc":{"start":{"line":35,"column":45},"end":{"line":35,"column":68}},"locations":[{"start":{"line":35,"column":45},"end":{"line":35,"column":68}}]},"7":{"type":"branch","line":36,"loc":{"start":{"line":36,"column":39},"end":{"line":36,"column":59}},"locations":[{"start":{"line":36,"column":39},"end":{"line":36,"column":59}}]},"8":{"type":"branch","line":40,"loc":{"start":{"line":40,"column":30},"end":{"line":40,"column":52}},"locations":[{"start":{"line":40,"column":30},"end":{"line":40,"column":52}}]},"9":{"type":"branch","line":41,"loc":{"start":{"line":41,"column":29},"end":{"line":41,"column":50}},"locations":[{"start":{"line":41,"column":29},"end":{"line":41,"column":50}}]},"10":{"type":"branch","line":43,"loc":{"start":{"line":43,"column":45},"end":{"line":43,"column":74}},"locations":[{"start":{"line":43,"column":45},"end":{"line":43,"column":74}}]},"11":{"type":"branch","line":43,"loc":{"start":{"line":43,"column":57},"end":{"line":43,"column":111}},"locations":[{"start":{"line":43,"column":57},"end":{"line":43,"column":111}}]},"12":{"type":"branch","line":44,"loc":{"start":{"line":44,"column":39},"end":{"line":44,"column":56}},"locations":[{"start":{"line":44,"column":39},"end":{"line":44,"column":56}}]},"13":{"type":"branch","line":18,"loc":{"start":{"line":18,"column":16},"end":{"line":18,"column":94}},"locations":[{"start":{"line":18,"column":16},"end":{"line":18,"column":94}}]},"14":{"type":"branch","line":18,"loc":{"start":{"line":18,"column":25},"end":{"line":18,"column":62}},"locations":[{"start":{"line":18,"column":25},"end":{"line":18,"column":62}}]},"15":{"type":"branch","line":18,"loc":{"start":{"line":18,"column":56},"end":{"line":18,"column":94}},"locations":[{"start":{"line":18,"column":56},"end":{"line":18,"column":94}}]},"16":{"type":"branch","line":18,"loc":{"start":{"line":18,"column":69},"end":{"line":18,"column":94}},"locations":[{"start":{"line":18,"column":69},"end":{"line":18,"column":94}}]},"17":{"type":"branch","line":19,"loc":{"start":{"line":19,"column":13},"end":{"line":23,"column":10}},"locations":[{"start":{"line":19,"column":13},"end":{"line":23,"column":10}}]},"18":{"type":"branch","line":22,"loc":{"start":{"line":22,"column":18},"end":{"line":22,"column":27}},"locations":[{"start":{"line":22,"column":18},"end":{"line":22,"column":27}}]},"19":{"type":"branch","line":52,"loc":{"start":{"line":52,"column":9},"end":{"line":58,"column":3}},"locations":[{"start":{"line":52,"column":9},"end":{"line":58,"column":3}}]}},"b":{"0":[2],"1":[0],"2":[1],"3":[0],"4":[0],"5":[0],"6":[0],"7":[0],"8":[0],"9":[0],"10":[0],"11":[0],"12":[0],"13":[4],"14":[3],"15":[2],"16":[0],"17":[2],"18":[0],"19":[1]},"fnMap":{"0":{"name":"load","decl":{"start":{"line":6,"column":2},"end":{"line":50,"column":3}},"loc":{"start":{"line":6,"column":2},"end":{"line":50,"column":3}},"line":6},"1":{"name":"getInternalId","decl":{"start":{"line":52,"column":9},"end":{"line":58,"column":3}},"loc":{"start":{"line":52,"column":9},"end":{"line":58,"column":3}},"line":52}},"f":{"0":2,"1":1}}
,"/app/src/services/PolyfillService.ts": {"path":"/app/src/services/PolyfillService.ts","all":false,"statementMap":{"0":{"start":{"line":1,"column":0},"end":{"line":1,"column":55}},"3":{"start":{"line":4,"column":0},"end":{"line":4,"column":55}},"5":{"start":{"line":6,"column":0},"end":{"line":6,"column":30}},"6":{"start":{"line":7,"column":0},"end":{"line":7,"column":21}},"7":{"start":{"line":8,"column":0},"end":{"line":8,"column":53}},"8":{"start":{"line":9,"column":0},"end":{"line":9,"column":23}},"9":{"start":{"line":10,"column":0},"end":{"line":10,"column":22}},"10":{"start":{"line":11,"column":0},"end":{"line":11,"column":22}},"11":{"start":{"line":12,"column":0},"end":{"line":12,"column":62}},"12":{"start":{"line":13,"column":0},"end":{"line":13,"column":164}},"13":{"start":{"line":14,"column":0},"end":{"line":14,"column":68}},"15":{"start":{"line":16,"column":0},"end":{"line":16,"column":63}},"18":{"start":{"line":19,"column":0},"end":{"line":19,"column":28}},"29":{"start":{"line":30,"column":0},"end":{"line":30,"column":24}},"42":{"start":{"line":43,"column":0},"end":{"line":43,"column":20}},"43":{"start":{"line":44,"column":0},"end":{"line":44,"column":17}},"44":{"start":{"line":45,"column":0},"end":{"line":45,"column":12}},"45":{"start":{"line":46,"column":0},"end":{"line":46,"column":14}},"47":{"start":{"line":48,"column":0},"end":{"line":48,"column":18}},"48":{"start":{"line":49,"column":0},"end":{"line":49,"column":72}},"49":{"start":{"line":50,"column":0},"end":{"line":50,"column":39}},"50":{"start":{"line":51,"column":0},"end":{"line":51,"column":55}},"51":{"start":{"line":52,"column":0},"end":{"line":52,"column":62}},"54":{"start":{"line":55,"column":0},"end":{"line":55,"column":20}},"55":{"start":{"line":56,"column":0},"end":{"line":56,"column":3}},"56":{"start":{"line":57,"column":0},"end":{"line":57,"column":1}}},"s":{"0":1,"3":1,"5":1,"6":1,"7":1,"8":1,"9":1,"10":1,"11":1,"12":1,"13":1,"15":1,"18":1,"29":1,"42":1,"43":1,"44":1,"45":1,"47":1,"48":1,"49":1,"50":1,"51":1,"54":1,"55":1,"56":1},"branchMap":{"0":{"type":"branch","line":7,"loc":{"start":{"line":7,"column":2},"end":{"line":56,"column":3}},"locations":[{"start":{"line":7,"column":2},"end":{"line":56,"column":3}}]},"1":{"type":"branch","line":13,"loc":{"start":{"line":13,"column":97},"end":{"line":13,"column":160}},"locations":[{"start":{"line":13,"column":97},"end":{"line":13,"column":160}}]},"2":{"type":"branch","line":49,"loc":{"start":{"line":49,"column":39},"end":{"line":49,"column":64}},"locations":[{"start":{"line":49,"column":39},"end":{"line":49,"column":64}}]}},"b":{"0":[1],"1":[0],"2":[0]},"fnMap":{"0":{"name":"build","decl":{"start":{"line":7,"column":2},"end":{"line":56,"column":3}},"loc":{"start":{"line":7,"column":2},"end":{"line":56,"column":3}},"line":7}},"f":{"0":1}}
,"/app/src/services/ResourceService.ts": {"path":"/app/src/services/ResourceService.ts","all":false,"statementMap":{"0":{"start":{"line":1,"column":0},"end":{"line":1,"column":26}},"1":{"start":{"line":2,"column":0},"end":{"line":2,"column":24}},"2":{"start":{"line":3,"column":0},"end":{"line":3,"column":54}},"6":{"start":{"line":7,"column":0},"end":{"line":7,"column":30}},"7":{"start":{"line":8,"column":0},"end":{"line":8,"column":36}},"8":{"start":{"line":9,"column":0},"end":{"line":9,"column":20}},"9":{"start":{"line":10,"column":0},"end":{"line":10,"column":35}},"10":{"start":{"line":11,"column":0},"end":{"line":11,"column":30}},"11":{"start":{"line":12,"column":0},"end":{"line":12,"column":42}},"12":{"start":{"line":13,"column":0},"end":{"line":13,"column":43}},"13":{"start":{"line":14,"column":0},"end":{"line":14,"column":42}},"14":{"start":{"line":15,"column":0},"end":{"line":15,"column":43}},"16":{"start":{"line":17,"column":0},"end":{"line":17,"column":42}},"17":{"start":{"line":18,"column":0},"end":{"line":18,"column":22}},"18":{"start":{"line":19,"column":0},"end":{"line":19,"column":41}},"19":{"start":{"line":20,"column":0},"end":{"line":20,"column":44}},"20":{"start":{"line":21,"column":0},"end":{"line":21,"column":38}},"21":{"start":{"line":22,"column":0},"end":{"line":22,"column":49}},"22":{"start":{"line":23,"column":0},"end":{"line":23,"column":63}},"23":{"start":{"line":24,"column":0},"end":{"line":24,"column":33}},"24":{"start":{"line":25,"column":0},"end":{"line":25,"column":11}},"25":{"start":{"line":26,"column":0},"end":{"line":26,"column":9}},"26":{"start":{"line":27,"column":0},"end":{"line":27,"column":7}},"27":{"start":{"line":28,"column":0},"end":{"line":28,"column":23}},"28":{"start":{"line":29,"column":0},"end":{"line":29,"column":43}},"29":{"start":{"line":30,"column":0},"end":{"line":30,"column":45}},"30":{"start":{"line":31,"column":0},"end":{"line":31,"column":39}},"31":{"start":{"line":32,"column":0},"end":{"line":32,"column":49}},"32":{"start":{"line":33,"column":0},"end":{"line":33,"column":64}},"33":{"start":{"line":34,"column":0},"end":{"line":34,"column":34}},"34":{"start":{"line":35,"column":0},"end":{"line":35,"column":11}},"35":{"start":{"line":36,"column":0},"end":{"line":36,"column":9}},"36":{"start":{"line":37,"column":0},"end":{"line":37,"column":7}},"37":{"start":{"line":38,"column":0},"end":{"line":38,"column":5}},"39":{"start":{"line":40,"column":0},"end":{"line":40,"column":39}},"40":{"start":{"line":41,"column":0},"end":{"line":41,"column":3}},"42":{"start":{"line":43,"column":0},"end":{"line":43,"column":37}},"43":{"start":{"line":44,"column":0},"end":{"line":44,"column":20}},"44":{"start":{"line":45,"column":0},"end":{"line":45,"column":21}},"45":{"start":{"line":46,"column":0},"end":{"line":46,"column":30}},"46":{"start":{"line":47,"column":0},"end":{"line":47,"column":40}},"47":{"start":{"line":48,"column":0},"end":{"line":48,"column":35}},"48":{"start":{"line":49,"column":0},"end":{"line":49,"column":40}},"49":{"start":{"line":50,"column":0},"end":{"line":50,"column":43}},"50":{"start":{"line":51,"column":0},"end":{"line":51,"column":55}},"51":{"start":{"line":52,"column":0},"end":{"line":52,"column":5}},"52":{"start":{"line":53,"column":0},"end":{"line":53,"column":20}},"53":{"start":{"line":54,"column":0},"end":{"line":54,"column":3}},"54":{"start":{"line":55,"column":0},"end":{"line":55,"column":1}}},"s":{"0":1,"1":1,"2":1,"6":1,"7":1,"8":1,"9":1,"10":1,"11":1,"12":1,"13":1,"14":1,"16":1,"17":1,"18":1,"19":1,"20":1,"21":1,"22":1,"23":1,"24":1,"25":1,"26":1,"27":1,"28":1,"29":1,"30":1,"31":1,"32":1,"33":1,"34":1,"35":1,"36":1,"37":1,"39":1,"40":1,"42":1,"43":1,"44":1,"45":1,"46":1,"47":1,"48":1,"49":1,"50":1,"51":1,"52":1,"53":1,"54":1},"branchMap":{"0":{"type":"branch","line":8,"loc":{"start":{"line":8,"column":2},"end":{"line":41,"column":3}},"locations":[{"start":{"line":8,"column":2},"end":{"line":41,"column":3}}]},"1":{"type":"branch","line":43,"loc":{"start":{"line":43,"column":2},"end":{"line":54,"column":3}},"locations":[{"start":{"line":43,"column":2},"end":{"line":54,"column":3}}]}},"b":{"0":[1],"1":[1]},"fnMap":{"0":{"name":"readScriptsAndStyles","decl":{"start":{"line":8,"column":2},"end":{"line":41,"column":3}},"loc":{"start":{"line":8,"column":2},"end":{"line":41,"column":3}},"line":8},"1":{"name":"readBackgroundScripts","decl":{"start":{"line":43,"column":2},"end":{"line":54,"column":3}},"loc":{"start":{"line":43,"column":2},"end":{"line":54,"column":3}},"line":43}},"f":{"0":1,"1":1}}
,"/app/src/services/TemplateService.ts": {"path":"/app/src/services/TemplateService.ts","all":false,"statementMap":{"0":{"start":{"line":1,"column":0},"end":{"line":1,"column":26}},"1":{"start":{"line":2,"column":0},"end":{"line":2,"column":24}},"2":{"start":{"line":3,"column":0},"end":{"line":3,"column":36}},"4":{"start":{"line":5,"column":0},"end":{"line":5,"column":50}},"5":{"start":{"line":6,"column":0},"end":{"line":6,"column":43}},"7":{"start":{"line":8,"column":0},"end":{"line":8,"column":30}},"8":{"start":{"line":9,"column":0},"end":{"line":9,"column":72}},"10":{"start":{"line":11,"column":0},"end":{"line":11,"column":52}},"11":{"start":{"line":12,"column":0},"end":{"line":12,"column":56}},"12":{"start":{"line":13,"column":0},"end":{"line":13,"column":43}},"13":{"start":{"line":14,"column":0},"end":{"line":14,"column":75}},"14":{"start":{"line":15,"column":0},"end":{"line":15,"column":79}},"15":{"start":{"line":16,"column":0},"end":{"line":16,"column":53}},"16":{"start":{"line":17,"column":0},"end":{"line":17,"column":5}},"17":{"start":{"line":18,"column":0},"end":{"line":18,"column":42}},"18":{"start":{"line":19,"column":0},"end":{"line":19,"column":3}},"20":{"start":{"line":21,"column":0},"end":{"line":21,"column":81}},"21":{"start":{"line":22,"column":0},"end":{"line":22,"column":25}},"22":{"start":{"line":23,"column":0},"end":{"line":23,"column":62}},"23":{"start":{"line":24,"column":0},"end":{"line":24,"column":71}},"24":{"start":{"line":25,"column":0},"end":{"line":25,"column":48}},"25":{"start":{"line":26,"column":0},"end":{"line":26,"column":53}},"26":{"start":{"line":27,"column":0},"end":{"line":27,"column":48}},"27":{"start":{"line":28,"column":0},"end":{"line":28,"column":5}},"28":{"start":{"line":29,"column":0},"end":{"line":29,"column":18}},"29":{"start":{"line":30,"column":0},"end":{"line":30,"column":3}},"30":{"start":{"line":31,"column":0},"end":{"line":31,"column":1}}},"s":{"0":1,"1":1,"2":1,"4":1,"5":1,"7":1,"8":3,"10":3,"11":1,"12":1,"13":1,"14":1,"15":0,"16":0,"17":0,"18":1,"20":3,"21":2,"22":2,"23":2,"24":2,"25":2,"26":2,"27":2,"28":2,"29":2,"30":3},"branchMap":{"0":{"type":"branch","line":8,"loc":{"start":{"line":8,"column":29},"end":{"line":31,"column":1}},"locations":[{"start":{"line":8,"column":29},"end":{"line":31,"column":1}}]},"1":{"type":"branch","line":11,"loc":{"start":{"line":11,"column":2},"end":{"line":19,"column":3}},"locations":[{"start":{"line":11,"column":2},"end":{"line":19,"column":3}}]},"2":{"type":"branch","line":15,"loc":{"start":{"line":15,"column":77},"end":{"line":18,"column":42}},"locations":[{"start":{"line":15,"column":77},"end":{"line":18,"column":42}}]},"3":{"type":"branch","line":21,"loc":{"start":{"line":21,"column":9},"end":{"line":30,"column":3}},"locations":[{"start":{"line":21,"column":9},"end":{"line":30,"column":3}}]}},"b":{"0":[3],"1":[1],"2":[0],"3":[2]},"fnMap":{"0":{"name":"<static_initializer>","decl":{"start":{"line":8,"column":29},"end":{"line":31,"column":1}},"loc":{"start":{"line":8,"column":29},"end":{"line":31,"column":1}},"line":8},"1":{"name":"load","decl":{"start":{"line":11,"column":2},"end":{"line":19,"column":3}},"loc":{"start":{"line":11,"column":2},"end":{"line":19,"column":3}},"line":11},"2":{"name":"replace","decl":{"start":{"line":21,"column":9},"end":{"line":30,"column":3}},"loc":{"start":{"line":21,"column":9},"end":{"line":30,"column":3}},"line":21}},"f":{"0":3,"1":1,"2":2}}
,"/app/src/services/UnpackService.ts": {"path":"/app/src/services/UnpackService.ts","all":false,"statementMap":{"0":{"start":{"line":1,"column":0},"end":{"line":1,"column":26}},"1":{"start":{"line":2,"column":0},"end":{"line":2,"column":24}},"2":{"start":{"line":3,"column":0},"end":{"line":3,"column":26}},"3":{"start":{"line":4,"column":0},"end":{"line":4,"column":22}},"5":{"start":{"line":6,"column":0},"end":{"line":6,"column":28}},"6":{"start":{"line":7,"column":0},"end":{"line":7,"column":61}},"7":{"start":{"line":8,"column":0},"end":{"line":8,"column":61}},"8":{"start":{"line":9,"column":0},"end":{"line":9,"column":48}},"10":{"start":{"line":11,"column":0},"end":{"line":11,"column":45}},"11":{"start":{"line":12,"column":0},"end":{"line":12,"column":72}},"12":{"start":{"line":13,"column":0},"end":{"line":13,"column":36}},"14":{"start":{"line":15,"column":0},"end":{"line":15,"column":28}},"15":{"start":{"line":16,"column":0},"end":{"line":16,"column":40}},"17":{"start":{"line":18,"column":0},"end":{"line":18,"column":81}},"18":{"start":{"line":19,"column":0},"end":{"line":19,"column":49}},"19":{"start":{"line":20,"column":0},"end":{"line":20,"column":113}},"20":{"start":{"line":21,"column":0},"end":{"line":21,"column":11}},"22":{"start":{"line":23,"column":0},"end":{"line":23,"column":43}},"23":{"start":{"line":24,"column":0},"end":{"line":24,"column":32}},"24":{"start":{"line":25,"column":0},"end":{"line":25,"column":32}},"25":{"start":{"line":26,"column":0},"end":{"line":26,"column":18}},"26":{"start":{"line":27,"column":0},"end":{"line":27,"column":46}},"27":{"start":{"line":28,"column":0},"end":{"line":28,"column":64}},"28":{"start":{"line":29,"column":0},"end":{"line":29,"column":42}},"30":{"start":{"line":31,"column":0},"end":{"line":31,"column":61}},"33":{"start":{"line":34,"column":0},"end":{"line":34,"column":59}},"34":{"start":{"line":35,"column":0},"end":{"line":35,"column":60}},"36":{"start":{"line":37,"column":0},"end":{"line":37,"column":43}},"37":{"start":{"line":38,"column":0},"end":{"line":38,"column":65}},"38":{"start":{"line":39,"column":0},"end":{"line":39,"column":15}},"39":{"start":{"line":40,"column":0},"end":{"line":40,"column":11}},"40":{"start":{"line":41,"column":0},"end":{"line":41,"column":11}},"41":{"start":{"line":42,"column":0},"end":{"line":42,"column":59}},"42":{"start":{"line":43,"column":0},"end":{"line":43,"column":50}},"43":{"start":{"line":44,"column":0},"end":{"line":44,"column":9}},"44":{"start":{"line":45,"column":0},"end":{"line":45,"column":7}},"45":{"start":{"line":46,"column":0},"end":{"line":46,"column":3}},"46":{"start":{"line":47,"column":0},"end":{"line":47,"column":1}}},"s":{"0":1,"1":1,"2":1,"3":1,"5":1,"6":1,"7":2,"8":2,"10":2,"11":2,"12":2,"14":2,"15":2,"17":1,"18":1,"19":1,"20":1,"22":0,"23":0,"24":0,"25":0,"26":0,"27":0,"28":0,"30":0,"33":0,"34":0,"36":0,"37":0,"38":0,"39":0,"40":2,"41":2,"42":2,"43":2,"44":2,"45":2,"46":1},"branchMap":{"0":{"type":"branch","line":7,"loc":{"start":{"line":7,"column":2},"end":{"line":46,"column":3}},"locations":[{"start":{"line":7,"column":2},"end":{"line":46,"column":3}}]},"1":{"type":"branch","line":11,"loc":{"start":{"line":11,"column":23},"end":{"line":45,"column":5}},"locations":[{"start":{"line":11,"column":23},"end":{"line":45,"column":5}}]},"2":{"type":"branch","line":12,"loc":{"start":{"line":12,"column":53},"end":{"line":44,"column":7}},"locations":[{"start":{"line":12,"column":53},"end":{"line":44,"column":7}}]},"3":{"type":"branch","line":13,"loc":{"start":{"line":13,"column":17},"end":{"line":13,"column":36}},"locations":[{"start":{"line":13,"column":17},"end":{"line":13,"column":36}}]},"4":{"type":"branch","line":16,"loc":{"start":{"line":16,"column":28},"end":{"line":41,"column":9}},"locations":[{"start":{"line":16,"column":28},"end":{"line":41,"column":9}}]},"5":{"type":"branch","line":21,"loc":{"start":{"line":21,"column":10},"end":{"line":40,"column":11}},"locations":[{"start":{"line":21,"column":10},"end":{"line":40,"column":11}}]},"6":{"type":"branch","line":42,"loc":{"start":{"line":42,"column":28},"end":{"line":42,"column":57}},"locations":[{"start":{"line":42,"column":28},"end":{"line":42,"column":57}}]}},"b":{"0":[2],"1":[2],"2":[2],"3":[0],"4":[1],"5":[0],"6":[1]},"fnMap":{"0":{"name":"unpack","decl":{"start":{"line":7,"column":2},"end":{"line":46,"column":3}},"loc":{"start":{"line":7,"column":2},"end":{"line":46,"column":3}},"line":7}},"f":{"0":2}}
,"/app/src/steps/AssembleStep.ts": {"path":"/app/src/steps/AssembleStep.ts","all":false,"statementMap":{"0":{"start":{"line":1,"column":0},"end":{"line":1,"column":39}},"2":{"start":{"line":3,"column":0},"end":{"line":3,"column":65}},"3":{"start":{"line":4,"column":0},"end":{"line":4,"column":65}},"6":{"start":{"line":7,"column":0},"end":{"line":7,"column":26}},"7":{"start":{"line":8,"column":0},"end":{"line":8,"column":54}},"8":{"start":{"line":9,"column":0},"end":{"line":9,"column":53}},"10":{"start":{"line":11,"column":0},"end":{"line":11,"column":40}},"11":{"start":{"line":12,"column":0},"end":{"line":12,"column":42}},"13":{"start":{"line":14,"column":0},"end":{"line":14,"column":56}},"14":{"start":{"line":15,"column":0},"end":{"line":15,"column":65}},"15":{"start":{"line":16,"column":0},"end":{"line":16,"column":55}},"16":{"start":{"line":17,"column":0},"end":{"line":17,"column":63}},"17":{"start":{"line":18,"column":0},"end":{"line":18,"column":50}},"19":{"start":{"line":20,"column":0},"end":{"line":20,"column":85}},"20":{"start":{"line":21,"column":0},"end":{"line":21,"column":78}},"22":{"start":{"line":23,"column":0},"end":{"line":23,"column":48}},"23":{"start":{"line":24,"column":0},"end":{"line":24,"column":67}},"24":{"start":{"line":25,"column":0},"end":{"line":25,"column":6}},"26":{"start":{"line":27,"column":0},"end":{"line":27,"column":35}},"27":{"start":{"line":28,"column":0},"end":{"line":28,"column":50}},"28":{"start":{"line":29,"column":0},"end":{"line":29,"column":72}},"29":{"start":{"line":30,"column":0},"end":{"line":30,"column":20}},"30":{"start":{"line":31,"column":0},"end":{"line":31,"column":35}},"31":{"start":{"line":32,"column":0},"end":{"line":32,"column":49}},"32":{"start":{"line":33,"column":0},"end":{"line":33,"column":51}},"33":{"start":{"line":34,"column":0},"end":{"line":34,"column":96}},"34":{"start":{"line":35,"column":0},"end":{"line":35,"column":13}},"35":{"start":{"line":36,"column":0},"end":{"line":36,"column":11}},"36":{"start":{"line":37,"column":0},"end":{"line":37,"column":9}},"37":{"start":{"line":38,"column":0},"end":{"line":38,"column":7}},"38":{"start":{"line":39,"column":0},"end":{"line":39,"column":5}},"40":{"start":{"line":41,"column":0},"end":{"line":41,"column":36}},"55":{"start":{"line":56,"column":0},"end":{"line":56,"column":46}},"62":{"start":{"line":63,"column":0},"end":{"line":63,"column":44}},"71":{"start":{"line":72,"column":0},"end":{"line":72,"column":45}},"77":{"start":{"line":78,"column":0},"end":{"line":78,"column":72}},"78":{"start":{"line":79,"column":0},"end":{"line":79,"column":60}},"79":{"start":{"line":80,"column":0},"end":{"line":80,"column":70}},"80":{"start":{"line":81,"column":0},"end":{"line":81,"column":61}},"81":{"start":{"line":82,"column":0},"end":{"line":82,"column":95}},"82":{"start":{"line":83,"column":0},"end":{"line":83,"column":77}},"83":{"start":{"line":84,"column":0},"end":{"line":84,"column":83}},"84":{"start":{"line":85,"column":0},"end":{"line":85,"column":35}},"85":{"start":{"line":86,"column":0},"end":{"line":86,"column":25}},"86":{"start":{"line":87,"column":0},"end":{"line":87,"column":70}},"87":{"start":{"line":88,"column":0},"end":{"line":88,"column":7}},"89":{"start":{"line":90,"column":0},"end":{"line":90,"column":21}},"92":{"start":{"line":93,"column":0},"end":{"line":93,"column":57}},"98":{"start":{"line":99,"column":0},"end":{"line":99,"column":61}},"99":{"start":{"line":100,"column":0},"end":{"line":100,"column":105}},"100":{"start":{"line":101,"column":0},"end":{"line":101,"column":93}},"103":{"start":{"line":104,"column":0},"end":{"line":104,"column":19}},"106":{"start":{"line":107,"column":0},"end":{"line":107,"column":18}},"112":{"start":{"line":113,"column":0},"end":{"line":113,"column":45}},"113":{"start":{"line":114,"column":0},"end":{"line":114,"column":3}},"114":{"start":{"line":115,"column":0},"end":{"line":115,"column":1}}},"s":{"0":1,"2":1,"3":1,"6":1,"7":1,"8":1,"10":1,"11":2,"13":2,"14":1,"15":1,"16":1,"17":1,"19":1,"20":1,"22":1,"23":1,"24":1,"26":1,"27":1,"28":0,"29":0,"30":0,"31":0,"32":0,"33":0,"34":0,"35":0,"36":0,"37":0,"38":1,"40":1,"55":1,"62":1,"71":1,"77":1,"78":1,"79":1,"80":1,"81":1,"82":1,"83":1,"84":1,"85":1,"86":1,"87":1,"89":1,"92":1,"98":1,"99":1,"100":1,"103":1,"106":1,"112":1,"113":1,"114":2},"branchMap":{"0":{"type":"branch","line":11,"loc":{"start":{"line":11,"column":39},"end":{"line":115,"column":1}},"locations":[{"start":{"line":11,"column":39},"end":{"line":115,"column":1}}]},"1":{"type":"branch","line":14,"loc":{"start":{"line":14,"column":2},"end":{"line":114,"column":3}},"locations":[{"start":{"line":14,"column":2},"end":{"line":114,"column":3}}]},"2":{"type":"branch","line":28,"loc":{"start":{"line":28,"column":49},"end":{"line":38,"column":7}},"locations":[{"start":{"line":28,"column":49},"end":{"line":38,"column":7}}]},"3":{"type":"branch","line":84,"loc":{"start":{"line":84,"column":60},"end":{"line":84,"column":81}},"locations":[{"start":{"line":84,"column":60},"end":{"line":84,"column":81}}]}},"b":{"0":[2],"1":[1],"2":[0],"3":[0]},"fnMap":{"0":{"name":"<instance_members_initializer>","decl":{"start":{"line":11,"column":39},"end":{"line":115,"column":1}},"loc":{"start":{"line":11,"column":39},"end":{"line":115,"column":1}},"line":11},"1":{"name":"run","decl":{"start":{"line":14,"column":2},"end":{"line":114,"column":3}},"loc":{"start":{"line":14,"column":2},"end":{"line":114,"column":3}},"line":14}},"f":{"0":2,"1":1}}
,"/app/src/steps/GenerateAssetsStep.ts": {"path":"/app/src/steps/GenerateAssetsStep.ts","all":false,"statementMap":{"0":{"start":{"line":1,"column":0},"end":{"line":1,"column":39}},"2":{"start":{"line":3,"column":0},"end":{"line":3,"column":59}},"5":{"start":{"line":6,"column":0},"end":{"line":6,"column":46}},"6":{"start":{"line":7,"column":0},"end":{"line":7,"column":40}},"8":{"start":{"line":9,"column":0},"end":{"line":9,"column":56}},"9":{"start":{"line":10,"column":0},"end":{"line":10,"column":55}},"10":{"start":{"line":11,"column":0},"end":{"line":11,"column":40}},"12":{"start":{"line":13,"column":0},"end":{"line":13,"column":77}},"13":{"start":{"line":14,"column":0},"end":{"line":14,"column":38}},"14":{"start":{"line":15,"column":0},"end":{"line":15,"column":3}},"15":{"start":{"line":16,"column":0},"end":{"line":16,"column":1}}},"s":{"0":1,"2":1,"5":1,"6":2,"8":2,"9":1,"10":1,"12":1,"13":1,"14":1,"15":2},"branchMap":{"0":{"type":"branch","line":6,"loc":{"start":{"line":6,"column":45},"end":{"line":16,"column":1}},"locations":[{"start":{"line":6,"column":45},"end":{"line":16,"column":1}}]},"1":{"type":"branch","line":9,"loc":{"start":{"line":9,"column":2},"end":{"line":15,"column":3}},"locations":[{"start":{"line":9,"column":2},"end":{"line":15,"column":3}}]}},"b":{"0":[2],"1":[1]},"fnMap":{"0":{"name":"<instance_members_initializer>","decl":{"start":{"line":6,"column":45},"end":{"line":16,"column":1}},"loc":{"start":{"line":6,"column":45},"end":{"line":16,"column":1}},"line":6},"1":{"name":"run","decl":{"start":{"line":9,"column":2},"end":{"line":15,"column":3}},"loc":{"start":{"line":9,"column":2},"end":{"line":15,"column":3}},"line":9}},"f":{"0":2,"1":1}}
,"/app/src/steps/LoadManifestStep.ts": {"path":"/app/src/steps/LoadManifestStep.ts","all":false,"statementMap":{"0":{"start":{"line":1,"column":0},"end":{"line":1,"column":39}},"2":{"start":{"line":3,"column":0},"end":{"line":3,"column":65}},"3":{"start":{"line":4,"column":0},"end":{"line":4,"column":24}},"5":{"start":{"line":6,"column":0},"end":{"line":6,"column":44}},"6":{"start":{"line":7,"column":0},"end":{"line":7,"column":34}},"8":{"start":{"line":9,"column":0},"end":{"line":9,"column":56}},"9":{"start":{"line":10,"column":0},"end":{"line":10,"column":77}},"10":{"start":{"line":11,"column":0},"end":{"line":11,"column":62}},"11":{"start":{"line":12,"column":0},"end":{"line":12,"column":38}},"12":{"start":{"line":13,"column":0},"end":{"line":13,"column":3}},"13":{"start":{"line":14,"column":0},"end":{"line":14,"column":1}}},"s":{"0":1,"2":1,"3":1,"5":1,"6":2,"8":2,"9":1,"10":1,"11":1,"12":1,"13":2},"branchMap":{"0":{"type":"branch","line":6,"loc":{"start":{"line":6,"column":43},"end":{"line":14,"column":1}},"locations":[{"start":{"line":6,"column":43},"end":{"line":14,"column":1}}]},"1":{"type":"branch","line":9,"loc":{"start":{"line":9,"column":2},"end":{"line":13,"column":3}},"locations":[{"start":{"line":9,"column":2},"end":{"line":13,"column":3}}]}},"b":{"0":[2],"1":[1]},"fnMap":{"0":{"name":"<instance_members_initializer>","decl":{"start":{"line":6,"column":43},"end":{"line":14,"column":1}},"loc":{"start":{"line":6,"column":43},"end":{"line":14,"column":1}},"line":6},"1":{"name":"run","decl":{"start":{"line":9,"column":2},"end":{"line":13,"column":3}},"loc":{"start":{"line":9,"column":2},"end":{"line":13,"column":3}},"line":9}},"f":{"0":2,"1":1}}
,"/app/src/steps/ProcessResourcesStep.ts": {"path":"/app/src/steps/ProcessResourcesStep.ts","all":false,"statementMap":{"0":{"start":{"line":1,"column":0},"end":{"line":1,"column":39}},"2":{"start":{"line":3,"column":0},"end":{"line":3,"column":65}},"5":{"start":{"line":6,"column":0},"end":{"line":6,"column":48}},"6":{"start":{"line":7,"column":0},"end":{"line":7,"column":38}},"8":{"start":{"line":9,"column":0},"end":{"line":9,"column":56}},"9":{"start":{"line":10,"column":0},"end":{"line":10,"column":65}},"10":{"start":{"line":11,"column":0},"end":{"line":11,"column":40}},"12":{"start":{"line":13,"column":0},"end":{"line":13,"column":65}},"13":{"start":{"line":14,"column":0},"end":{"line":14,"column":15}},"14":{"start":{"line":15,"column":0},"end":{"line":15,"column":30}},"15":{"start":{"line":16,"column":0},"end":{"line":16,"column":6}},"16":{"start":{"line":17,"column":0},"end":{"line":17,"column":40}},"18":{"start":{"line":19,"column":0},"end":{"line":19,"column":69}},"19":{"start":{"line":20,"column":0},"end":{"line":20,"column":16}},"20":{"start":{"line":21,"column":0},"end":{"line":21,"column":33}},"21":{"start":{"line":22,"column":0},"end":{"line":22,"column":6}},"22":{"start":{"line":23,"column":0},"end":{"line":23,"column":46}},"23":{"start":{"line":24,"column":0},"end":{"line":24,"column":3}},"24":{"start":{"line":25,"column":0},"end":{"line":25,"column":1}}},"s":{"0":1,"2":1,"5":1,"6":2,"8":2,"9":1,"10":1,"12":1,"13":1,"14":1,"15":1,"16":1,"18":1,"19":1,"20":1,"21":1,"22":1,"23":1,"24":2},"branchMap":{"0":{"type":"branch","line":6,"loc":{"start":{"line":6,"column":47},"end":{"line":25,"column":1}},"locations":[{"start":{"line":6,"column":47},"end":{"line":25,"column":1}}]},"1":{"type":"branch","line":9,"loc":{"start":{"line":9,"column":2},"end":{"line":24,"column":3}},"locations":[{"start":{"line":9,"column":2},"end":{"line":24,"column":3}}]}},"b":{"0":[2],"1":[1]},"fnMap":{"0":{"name":"<instance_members_initializer>","decl":{"start":{"line":6,"column":47},"end":{"line":25,"column":1}},"loc":{"start":{"line":6,"column":47},"end":{"line":25,"column":1}},"line":6},"1":{"name":"run","decl":{"start":{"line":9,"column":2},"end":{"line":24,"column":3}},"loc":{"start":{"line":9,"column":2},"end":{"line":24,"column":3}},"line":9}},"f":{"0":2,"1":1}}
,"/app/src/utils/Logger.ts": {"path":"/app/src/utils/Logger.ts","all":false,"statementMap":{"0":{"start":{"line":1,"column":0},"end":{"line":1,"column":26}},"1":{"start":{"line":2,"column":0},"end":{"line":2,"column":31}},"3":{"start":{"line":4,"column":0},"end":{"line":4,"column":21}},"4":{"start":{"line":5,"column":0},"end":{"line":5,"column":37}},"6":{"start":{"line":7,"column":0},"end":{"line":7,"column":41}},"8":{"start":{"line":9,"column":0},"end":{"line":9,"column":31}},"9":{"start":{"line":10,"column":0},"end":{"line":10,"column":60}},"10":{"start":{"line":11,"column":0},"end":{"line":11,"column":3}},"12":{"start":{"line":13,"column":0},"end":{"line":13,"column":34}},"13":{"start":{"line":14,"column":0},"end":{"line":14,"column":63}},"14":{"start":{"line":15,"column":0},"end":{"line":15,"column":3}},"16":{"start":{"line":17,"column":0},"end":{"line":17,"column":31}},"17":{"start":{"line":18,"column":0},"end":{"line":18,"column":65}},"18":{"start":{"line":19,"column":0},"end":{"line":19,"column":3}},"20":{"start":{"line":21,"column":0},"end":{"line":21,"column":49}},"21":{"start":{"line":22,"column":0},"end":{"line":22,"column":63}},"22":{"start":{"line":23,"column":0},"end":{"line":23,"column":36}},"23":{"start":{"line":24,"column":0},"end":{"line":24,"column":3}},"25":{"start":{"line":26,"column":0},"end":{"line":26,"column":39}},"26":{"start":{"line":27,"column":0},"end":{"line":27,"column":75}},"27":{"start":{"line":28,"column":0},"end":{"line":28,"column":3}},"29":{"start":{"line":30,"column":0},"end":{"line":30,"column":55}},"30":{"start":{"line":31,"column":0},"end":{"line":31,"column":23}},"31":{"start":{"line":32,"column":0},"end":{"line":32,"column":20}},"32":{"start":{"line":33,"column":0},"end":{"line":33,"column":96}},"33":{"start":{"line":34,"column":0},"end":{"line":34,"column":14}},"34":{"start":{"line":35,"column":0},"end":{"line":35,"column":91}},"35":{"start":{"line":36,"column":0},"end":{"line":36,"column":7}},"36":{"start":{"line":37,"column":0},"end":{"line":37,"column":26}},"37":{"start":{"line":38,"column":0},"end":{"line":38,"column":5}},"38":{"start":{"line":39,"column":0},"end":{"line":39,"column":3}},"39":{"start":{"line":40,"column":0},"end":{"line":40,"column":1}}},"s":{"0":1,"1":1,"3":1,"4":4,"6":4,"8":4,"9":1,"10":1,"12":4,"13":1,"14":1,"16":4,"17":0,"18":0,"20":4,"21":0,"22":0,"23":0,"25":4,"26":5,"27":5,"29":4,"30":5,"31":5,"32":5,"33":5,"34":0,"35":0,"36":5,"37":5,"38":5,"39":4},"branchMap":{"0":{"type":"branch","line":4,"loc":{"start":{"line":4,"column":20},"end":{"line":40,"column":1}},"locations":[{"start":{"line":4,"column":20},"end":{"line":40,"column":1}}]},"1":{"type":"branch","line":7,"loc":{"start":{"line":7,"column":2},"end":{"line":7,"column":41}},"locations":[{"start":{"line":7,"column":2},"end":{"line":7,"column":41}}]},"2":{"type":"branch","line":9,"loc":{"start":{"line":9,"column":2},"end":{"line":11,"column":3}},"locations":[{"start":{"line":9,"column":2},"end":{"line":11,"column":3}}]},"3":{"type":"branch","line":13,"loc":{"start":{"line":13,"column":2},"end":{"line":15,"column":3}},"locations":[{"start":{"line":13,"column":2},"end":{"line":15,"column":3}}]},"4":{"type":"branch","line":26,"loc":{"start":{"line":26,"column":2},"end":{"line":28,"column":3}},"locations":[{"start":{"line":26,"column":2},"end":{"line":28,"column":3}}]},"5":{"type":"branch","line":30,"loc":{"start":{"line":30,"column":2},"end":{"line":39,"column":3}},"locations":[{"start":{"line":30,"column":2},"end":{"line":39,"column":3}}]},"6":{"type":"branch","line":33,"loc":{"start":{"line":33,"column":75},"end":{"line":33,"column":94}},"locations":[{"start":{"line":33,"column":75},"end":{"line":33,"column":94}}]},"7":{"type":"branch","line":34,"loc":{"start":{"line":34,"column":6},"end":{"line":36,"column":7}},"locations":[{"start":{"line":34,"column":6},"end":{"line":36,"column":7}}]}},"b":{"0":[4],"1":[4],"2":[1],"3":[1],"4":[5],"5":[5],"6":[0],"7":[0]},"fnMap":{"0":{"name":"<instance_members_initializer>","decl":{"start":{"line":4,"column":20},"end":{"line":40,"column":1}},"loc":{"start":{"line":4,"column":20},"end":{"line":40,"column":1}},"line":4},"1":{"name":"Logger","decl":{"start":{"line":7,"column":2},"end":{"line":7,"column":41}},"loc":{"start":{"line":7,"column":2},"end":{"line":7,"column":41}},"line":7},"2":{"name":"info","decl":{"start":{"line":9,"column":2},"end":{"line":11,"column":3}},"loc":{"start":{"line":9,"column":2},"end":{"line":11,"column":3}},"line":9},"3":{"name":"success","decl":{"start":{"line":13,"column":2},"end":{"line":15,"column":3}},"loc":{"start":{"line":13,"column":2},"end":{"line":15,"column":3}},"line":13},"4":{"name":"warn","decl":{"start":{"line":17,"column":2},"end":{"line":19,"column":3}},"loc":{"start":{"line":17,"column":2},"end":{"line":19,"column":3}},"line":17},"5":{"name":"error","decl":{"start":{"line":21,"column":2},"end":{"line":24,"column":3}},"loc":{"start":{"line":21,"column":2},"end":{"line":24,"column":3}},"line":21},"6":{"name":"startSpinner","decl":{"start":{"line":26,"column":2},"end":{"line":28,"column":3}},"loc":{"start":{"line":26,"column":2},"end":{"line":28,"column":3}},"line":26},"7":{"name":"stopSpinner","decl":{"start":{"line":30,"column":2},"end":{"line":39,"column":3}},"loc":{"start":{"line":30,"column":2},"end":{"line":39,"column":3}},"line":30}},"f":{"0":4,"1":4,"2":1,"3":1,"4":0,"5":0,"6":5,"7":5}}
,"/app/src/utils/PathUtils.ts": {"path":"/app/src/utils/PathUtils.ts","all":false,"statementMap":{"0":{"start":{"line":1,"column":0},"end":{"line":1,"column":57}},"2":{"start":{"line":3,"column":0},"end":{"line":3,"column":59}},"3":{"start":{"line":4,"column":0},"end":{"line":4,"column":1}}},"s":{"0":1,"2":9,"3":9},"branchMap":{"0":{"type":"branch","line":1,"loc":{"start":{"line":1,"column":7},"end":{"line":4,"column":1}},"locations":[{"start":{"line":1,"column":7},"end":{"line":4,"column":1}}]}},"b":{"0":[9]},"fnMap":{"0":{"name":"normalizePath","decl":{"start":{"line":1,"column":7},"end":{"line":4,"column":1}},"loc":{"start":{"line":1,"column":7},"end":{"line":4,"column":1}},"line":1}},"f":{"0":9}}
,"/app/src/utils/RegexUtils.ts": {"path":"/app/src/utils/RegexUtils.ts","all":false,"statementMap":{"0":{"start":{"line":1,"column":0},"end":{"line":1,"column":48}},"1":{"start":{"line":2,"column":0},"end":{"line":2,"column":50}},"2":{"start":{"line":3,"column":0},"end":{"line":3,"column":1}},"4":{"start":{"line":5,"column":0},"end":{"line":5,"column":76}},"5":{"start":{"line":6,"column":0},"end":{"line":6,"column":48}},"6":{"start":{"line":7,"column":0},"end":{"line":7,"column":16}},"7":{"start":{"line":8,"column":0},"end":{"line":8,"column":3}},"9":{"start":{"line":10,"column":0},"end":{"line":10,"column":66}},"10":{"start":{"line":11,"column":0},"end":{"line":11,"column":32}},"11":{"start":{"line":12,"column":0},"end":{"line":12,"column":32}},"12":{"start":{"line":13,"column":0},"end":{"line":13,"column":61}},"13":{"start":{"line":14,"column":0},"end":{"line":14,"column":66}},"15":{"start":{"line":16,"column":0},"end":{"line":16,"column":49}},"16":{"start":{"line":17,"column":0},"end":{"line":17,"column":30}},"17":{"start":{"line":18,"column":0},"end":{"line":18,"column":28}},"18":{"start":{"line":19,"column":0},"end":{"line":19,"column":52}},"20":{"start":{"line":21,"column":0},"end":{"line":21,"column":24}},"21":{"start":{"line":22,"column":0},"end":{"line":22,"column":21}},"22":{"start":{"line":23,"column":0},"end":{"line":23,"column":24}},"23":{"start":{"line":24,"column":0},"end":{"line":24,"column":37}},"24":{"start":{"line":25,"column":0},"end":{"line":25,"column":67}},"25":{"start":{"line":26,"column":0},"end":{"line":26,"column":10}},"26":{"start":{"line":27,"column":0},"end":{"line":27,"column":34}},"27":{"start":{"line":28,"column":0},"end":{"line":28,"column":3}},"29":{"start":{"line":30,"column":0},"end":{"line":30,"column":27}},"30":{"start":{"line":31,"column":0},"end":{"line":31,"column":35}},"31":{"start":{"line":32,"column":0},"end":{"line":32,"column":32}},"32":{"start":{"line":33,"column":0},"end":{"line":33,"column":3}},"33":{"start":{"line":34,"column":0},"end":{"line":34,"column":63}},"35":{"start":{"line":36,"column":0},"end":{"line":36,"column":28}},"36":{"start":{"line":37,"column":0},"end":{"line":37,"column":27}},"37":{"start":{"line":38,"column":0},"end":{"line":38,"column":10}},"38":{"start":{"line":39,"column":0},"end":{"line":39,"column":41}},"39":{"start":{"line":40,"column":0},"end":{"line":40,"column":3}},"41":{"start":{"line":42,"column":0},"end":{"line":42,"column":58}},"42":{"start":{"line":43,"column":0},"end":{"line":43,"column":1}},"44":{"start":{"line":45,"column":0},"end":{"line":45,"column":70}},"45":{"start":{"line":46,"column":0},"end":{"line":46,"column":33}},"46":{"start":{"line":47,"column":0},"end":{"line":47,"column":28}},"47":{"start":{"line":48,"column":0},"end":{"line":48,"column":3}},"48":{"start":{"line":49,"column":0},"end":{"line":49,"column":7}},"49":{"start":{"line":50,"column":0},"end":{"line":50,"column":99}},"50":{"start":{"line":51,"column":0},"end":{"line":51,"column":44}},"51":{"start":{"line":52,"column":0},"end":{"line":52,"column":11}},"52":{"start":{"line":53,"column":0},"end":{"line":53,"column":28}},"53":{"start":{"line":54,"column":0},"end":{"line":54,"column":3}},"54":{"start":{"line":55,"column":0},"end":{"line":55,"column":1}},"56":{"start":{"line":57,"column":0},"end":{"line":57,"column":78}},"57":{"start":{"line":58,"column":0},"end":{"line":58,"column":42}},"59":{"start":{"line":60,"column":0},"end":{"line":60,"column":56}},"60":{"start":{"line":61,"column":0},"end":{"line":61,"column":54}},"62":{"start":{"line":63,"column":0},"end":{"line":63,"column":56}},"64":{"start":{"line":65,"column":0},"end":{"line":65,"column":38}},"65":{"start":{"line":66,"column":0},"end":{"line":66,"column":42}},"66":{"start":{"line":67,"column":0},"end":{"line":67,"column":39}},"67":{"start":{"line":68,"column":0},"end":{"line":68,"column":28}},"68":{"start":{"line":69,"column":0},"end":{"line":69,"column":38}},"70":{"start":{"line":71,"column":0},"end":{"line":71,"column":42}},"72":{"start":{"line":73,"column":0},"end":{"line":73,"column":7}},"73":{"start":{"line":74,"column":0},"end":{"line":74,"column":43}},"74":{"start":{"line":75,"column":0},"end":{"line":75,"column":38}},"75":{"start":{"line":76,"column":0},"end":{"line":76,"column":11}},"76":{"start":{"line":77,"column":0},"end":{"line":77,"column":17}},"77":{"start":{"line":78,"column":0},"end":{"line":78,"column":3}},"78":{"start":{"line":79,"column":0},"end":{"line":79,"column":1}}},"s":{"0":1,"1":13,"2":13,"4":1,"5":5,"6":0,"7":0,"9":5,"10":5,"11":4,"12":4,"13":5,"15":5,"16":5,"17":4,"18":4,"20":4,"21":5,"22":0,"23":5,"24":1,"25":4,"26":3,"27":3,"29":4,"30":5,"31":0,"32":0,"33":4,"35":4,"36":4,"37":5,"38":0,"39":0,"41":4,"42":4,"44":1,"45":2,"46":1,"47":1,"48":1,"49":1,"50":1,"51":2,"52":0,"53":0,"54":2,"56":1,"57":4,"59":4,"60":4,"62":4,"64":4,"65":4,"66":4,"67":4,"68":4,"70":4,"72":4,"73":4,"74":4,"75":4,"76":0,"77":0,"78":4},"branchMap":{"0":{"type":"branch","line":1,"loc":{"start":{"line":1,"column":7},"end":{"line":3,"column":1}},"locations":[{"start":{"line":1,"column":7},"end":{"line":3,"column":1}}]},"1":{"type":"branch","line":5,"loc":{"start":{"line":5,"column":7},"end":{"line":43,"column":1}},"locations":[{"start":{"line":5,"column":7},"end":{"line":43,"column":1}}]},"2":{"type":"branch","line":6,"loc":{"start":{"line":6,"column":47},"end":{"line":8,"column":3}},"locations":[{"start":{"line":6,"column":47},"end":{"line":8,"column":3}}]},"3":{"type":"branch","line":11,"loc":{"start":{"line":11,"column":20},"end":{"line":11,"column":32}},"locations":[{"start":{"line":11,"column":20},"end":{"line":11,"column":32}}]},"4":{"type":"branch","line":11,"loc":{"start":{"line":11,"column":27},"end":{"line":14,"column":39}},"locations":[{"start":{"line":11,"column":27},"end":{"line":14,"column":39}}]},"5":{"type":"branch","line":14,"loc":{"start":{"line":14,"column":33},"end":{"line":14,"column":59}},"locations":[{"start":{"line":14,"column":33},"end":{"line":14,"column":59}}]},"6":{"type":"branch","line":14,"loc":{"start":{"line":14,"column":39},"end":{"line":14,"column":66}},"locations":[{"start":{"line":14,"column":39},"end":{"line":14,"column":66}}]},"7":{"type":"branch","line":17,"loc":{"start":{"line":17,"column":18},"end":{"line":17,"column":30}},"locations":[{"start":{"line":17,"column":18},"end":{"line":17,"column":30}}]},"8":{"type":"branch","line":17,"loc":{"start":{"line":17,"column":25},"end":{"line":22,"column":20}},"locations":[{"start":{"line":17,"column":25},"end":{"line":22,"column":20}}]},"9":{"type":"branch","line":22,"loc":{"start":{"line":22,"column":20},"end":{"line":24,"column":13}},"locations":[{"start":{"line":22,"column":20},"end":{"line":24,"column":13}}]},"10":{"type":"branch","line":24,"loc":{"start":{"line":24,"column":2},"end":{"line":31,"column":34}},"locations":[{"start":{"line":24,"column":2},"end":{"line":31,"column":34}}]},"11":{"type":"branch","line":24,"loc":{"start":{"line":24,"column":36},"end":{"line":26,"column":9}},"locations":[{"start":{"line":24,"column":36},"end":{"line":26,"column":9}}]},"12":{"type":"branch","line":26,"loc":{"start":{"line":26,"column":2},"end":{"line":28,"column":3}},"locations":[{"start":{"line":26,"column":2},"end":{"line":28,"column":3}}]},"13":{"type":"branch","line":31,"loc":{"start":{"line":31,"column":34},"end":{"line":33,"column":3}},"locations":[{"start":{"line":31,"column":34},"end":{"line":33,"column":3}}]},"14":{"type":"branch","line":33,"loc":{"start":{"line":33,"column":2},"end":{"line":38,"column":9}},"locations":[{"start":{"line":33,"column":2},"end":{"line":38,"column":9}}]},"15":{"type":"branch","line":38,"loc":{"start":{"line":38,"column":2},"end":{"line":40,"column":3}},"locations":[{"start":{"line":38,"column":2},"end":{"line":40,"column":3}}]},"16":{"type":"branch","line":40,"loc":{"start":{"line":40,"column":2},"end":{"line":43,"column":1}},"locations":[{"start":{"line":40,"column":2},"end":{"line":43,"column":1}}]},"17":{"type":"branch","line":45,"loc":{"start":{"line":45,"column":7},"end":{"line":55,"column":1}},"locations":[{"start":{"line":45,"column":7},"end":{"line":55,"column":1}}]},"18":{"type":"branch","line":46,"loc":{"start":{"line":46,"column":32},"end":{"line":52,"column":10}},"locations":[{"start":{"line":46,"column":32},"end":{"line":52,"column":10}}]},"19":{"type":"branch","line":52,"loc":{"start":{"line":52,"column":2},"end":{"line":54,"column":3}},"locations":[{"start":{"line":52,"column":2},"end":{"line":54,"column":3}}]},"20":{"type":"branch","line":57,"loc":{"start":{"line":57,"column":7},"end":{"line":79,"column":1}},"locations":[{"start":{"line":57,"column":7},"end":{"line":79,"column":1}}]},"21":{"type":"branch","line":58,"loc":{"start":{"line":58,"column":29},"end":{"line":58,"column":42}},"locations":[{"start":{"line":58,"column":29},"end":{"line":58,"column":42}}]},"22":{"type":"branch","line":63,"loc":{"start":{"line":63,"column":44},"end":{"line":63,"column":56}},"locations":[{"start":{"line":63,"column":44},"end":{"line":63,"column":56}}]},"23":{"type":"branch","line":76,"loc":{"start":{"line":76,"column":2},"end":{"line":78,"column":3}},"locations":[{"start":{"line":76,"column":2},"end":{"line":78,"column":3}}]}},"b":{"0":[13],"1":[5],"2":[0],"3":[1],"4":[4],"5":[1],"6":[3],"7":[0],"8":[4],"9":[0],"10":[4],"11":[1],"12":[3],"13":[0],"14":[4],"15":[0],"16":[4],"17":[2],"18":[1],"19":[0],"20":[4],"21":[0],"22":[0],"23":[0]},"fnMap":{"0":{"name":"escapeRegex","decl":{"start":{"line":1,"column":7},"end":{"line":3,"column":1}},"loc":{"start":{"line":1,"column":7},"end":{"line":3,"column":1}},"line":1},"1":{"name":"convertMatchPatternToRegExpString","decl":{"start":{"line":5,"column":7},"end":{"line":43,"column":1}},"loc":{"start":{"line":5,"column":7},"end":{"line":43,"column":1}},"line":5},"2":{"name":"convertMatchPatternToRegExp","decl":{"start":{"line":45,"column":7},"end":{"line":55,"column":1}},"loc":{"start":{"line":45,"column":7},"end":{"line":55,"column":1}},"line":45},"3":{"name":"matchGlobPattern","decl":{"start":{"line":57,"column":7},"end":{"line":79,"column":1}},"loc":{"start":{"line":57,"column":7},"end":{"line":79,"column":1}},"line":57}},"f":{"0":13,"1":5,"2":2,"3":4}}
}
